2023-08-24 19:19:00 [scrapy.core.scraper] ERROR: Spider error processing <GET https://kosiski.autopartsearch.com> (referer: https://kosiski.autopartsearch.com)
Traceback (most recent call last):
  File "C:\Users\BAPS\AppData\Local\Programs\Python\Python311\Lib\site-packages\twisted\internet\defer.py", line 892, in _runCallbacks
    current.result = callback(  # type: ignore[misc]
                     ^^^^^^^^^^^^^^^^^^^^^^^^^^^^^^^
  File "D:\carpartsscraper\carpartsscraper\spiders\CarPartsSpider.py", line 49, in parse_home_page
    driver = response.meta["driver"]
             ~~~~~~~~~~~~~^^^^^^^^^^
KeyError: 'driver'
2023-08-25 12:08:06 [twisted] CRITICAL: Unhandled error in Deferred:
2023-08-25 12:08:06 [twisted] CRITICAL: 
Traceback (most recent call last):
  File "C:\Users\BAPS\AppData\Local\Programs\Python\Python311\Lib\site-packages\scrapy\utils\misc.py", line 68, in load_object
    obj = getattr(mod, name)
          ^^^^^^^^^^^^^^^^^^
AttributeError: module 'carpartsscraper.pipelines' has no attribute 'UrlDatabasePipeline'

During handling of the above exception, another exception occurred:

Traceback (most recent call last):
  File "C:\Users\BAPS\AppData\Local\Programs\Python\Python311\Lib\site-packages\twisted\internet\defer.py", line 1697, in _inlineCallbacks
    result = context.run(gen.send, result)
  File "C:\Users\BAPS\AppData\Local\Programs\Python\Python311\Lib\site-packages\scrapy\crawler.py", line 129, in crawl
    self.engine = self._create_engine()
  File "C:\Users\BAPS\AppData\Local\Programs\Python\Python311\Lib\site-packages\scrapy\crawler.py", line 143, in _create_engine
    return ExecutionEngine(self, lambda _: self.stop())
  File "C:\Users\BAPS\AppData\Local\Programs\Python\Python311\Lib\site-packages\scrapy\core\engine.py", line 101, in __init__
    self.scraper = Scraper(crawler)
  File "C:\Users\BAPS\AppData\Local\Programs\Python\Python311\Lib\site-packages\scrapy\core\scraper.py", line 109, in __init__
    self.itemproc: ItemPipelineManager = itemproc_cls.from_crawler(crawler)
  File "C:\Users\BAPS\AppData\Local\Programs\Python\Python311\Lib\site-packages\scrapy\middleware.py", line 68, in from_crawler
    return cls.from_settings(crawler.settings, crawler)
  File "C:\Users\BAPS\AppData\Local\Programs\Python\Python311\Lib\site-packages\scrapy\middleware.py", line 43, in from_settings
    mwcls = load_object(clspath)
  File "C:\Users\BAPS\AppData\Local\Programs\Python\Python311\Lib\site-packages\scrapy\utils\misc.py", line 70, in load_object
    raise NameError(f"Module '{module}' doesn't define any object named '{name}'")
NameError: Module 'carpartsscraper.pipelines' doesn't define any object named 'UrlDatabasePipeline'
2023-08-25 12:09:03 [twisted] CRITICAL: Unhandled error in Deferred:
2023-08-25 12:09:03 [twisted] CRITICAL: 
Traceback (most recent call last):
  File "C:\Users\BAPS\AppData\Local\Programs\Python\Python311\Lib\site-packages\mysql\connector\connection_cext.py", line 611, in cmd_query
    self._cmysql.query(
_mysql_connector.MySQLInterfaceError: BLOB/TEXT column 'url' used in key specification without a key length

The above exception was the direct cause of the following exception:

Traceback (most recent call last):
  File "C:\Users\BAPS\AppData\Local\Programs\Python\Python311\Lib\site-packages\twisted\internet\defer.py", line 1697, in _inlineCallbacks
    result = context.run(gen.send, result)
  File "C:\Users\BAPS\AppData\Local\Programs\Python\Python311\Lib\site-packages\scrapy\crawler.py", line 129, in crawl
    self.engine = self._create_engine()
  File "C:\Users\BAPS\AppData\Local\Programs\Python\Python311\Lib\site-packages\scrapy\crawler.py", line 143, in _create_engine
    return ExecutionEngine(self, lambda _: self.stop())
  File "C:\Users\BAPS\AppData\Local\Programs\Python\Python311\Lib\site-packages\scrapy\core\engine.py", line 101, in __init__
    self.scraper = Scraper(crawler)
  File "C:\Users\BAPS\AppData\Local\Programs\Python\Python311\Lib\site-packages\scrapy\core\scraper.py", line 109, in __init__
    self.itemproc: ItemPipelineManager = itemproc_cls.from_crawler(crawler)
  File "C:\Users\BAPS\AppData\Local\Programs\Python\Python311\Lib\site-packages\scrapy\middleware.py", line 68, in from_crawler
    return cls.from_settings(crawler.settings, crawler)
  File "C:\Users\BAPS\AppData\Local\Programs\Python\Python311\Lib\site-packages\scrapy\middleware.py", line 44, in from_settings
    mw = create_instance(mwcls, settings, crawler)
  File "C:\Users\BAPS\AppData\Local\Programs\Python\Python311\Lib\site-packages\scrapy\utils\misc.py", line 176, in create_instance
    instance = objcls(*args, **kwargs)
  File "D:\carpartsscraper\carpartsscraper\pipelines.py", line 19, in __init__
    self.create_table()
  File "D:\carpartsscraper\carpartsscraper\pipelines.py", line 57, in create_table
    self.cursor.execute(f'''
  File "C:\Users\BAPS\AppData\Local\Programs\Python\Python311\Lib\site-packages\mysql\connector\cursor_cext.py", line 330, in execute
    result = self._cnx.cmd_query(
  File "C:\Users\BAPS\AppData\Local\Programs\Python\Python311\Lib\site-packages\mysql\connector\connection_cext.py", line 619, in cmd_query
    raise get_mysql_exception(
mysql.connector.errors.ProgrammingError: 1170 (42000): BLOB/TEXT column 'url' used in key specification without a key length
2023-08-25 12:11:54 [twisted] CRITICAL: Unhandled error in Deferred:
2023-08-25 12:11:54 [twisted] CRITICAL: 
Traceback (most recent call last):
  File "C:\Users\BAPS\AppData\Local\Programs\Python\Python311\Lib\site-packages\mysql\connector\connection_cext.py", line 611, in cmd_query
    self._cmysql.query(
_mysql_connector.MySQLInterfaceError: You have an error in your SQL syntax; check the manual that corresponds to your MySQL server version for the right syntax to use near 'maker VARCHAR(255),
                year INT,
                model VARCHAR(255)' at line 5

The above exception was the direct cause of the following exception:

Traceback (most recent call last):
  File "C:\Users\BAPS\AppData\Local\Programs\Python\Python311\Lib\site-packages\twisted\internet\defer.py", line 1697, in _inlineCallbacks
    result = context.run(gen.send, result)
  File "C:\Users\BAPS\AppData\Local\Programs\Python\Python311\Lib\site-packages\scrapy\crawler.py", line 129, in crawl
    self.engine = self._create_engine()
  File "C:\Users\BAPS\AppData\Local\Programs\Python\Python311\Lib\site-packages\scrapy\crawler.py", line 143, in _create_engine
    return ExecutionEngine(self, lambda _: self.stop())
  File "C:\Users\BAPS\AppData\Local\Programs\Python\Python311\Lib\site-packages\scrapy\core\engine.py", line 101, in __init__
    self.scraper = Scraper(crawler)
  File "C:\Users\BAPS\AppData\Local\Programs\Python\Python311\Lib\site-packages\scrapy\core\scraper.py", line 109, in __init__
    self.itemproc: ItemPipelineManager = itemproc_cls.from_crawler(crawler)
  File "C:\Users\BAPS\AppData\Local\Programs\Python\Python311\Lib\site-packages\scrapy\middleware.py", line 68, in from_crawler
    return cls.from_settings(crawler.settings, crawler)
  File "C:\Users\BAPS\AppData\Local\Programs\Python\Python311\Lib\site-packages\scrapy\middleware.py", line 44, in from_settings
    mw = create_instance(mwcls, settings, crawler)
  File "C:\Users\BAPS\AppData\Local\Programs\Python\Python311\Lib\site-packages\scrapy\utils\misc.py", line 176, in create_instance
    instance = objcls(*args, **kwargs)
  File "D:\carpartsscraper\carpartsscraper\pipelines.py", line 19, in __init__
    self.create_table()
  File "D:\carpartsscraper\carpartsscraper\pipelines.py", line 57, in create_table
    self.cursor.execute(f'''
  File "C:\Users\BAPS\AppData\Local\Programs\Python\Python311\Lib\site-packages\mysql\connector\cursor_cext.py", line 330, in execute
    result = self._cnx.cmd_query(
  File "C:\Users\BAPS\AppData\Local\Programs\Python\Python311\Lib\site-packages\mysql\connector\connection_cext.py", line 619, in cmd_query
    raise get_mysql_exception(
mysql.connector.errors.ProgrammingError: 1064 (42000): You have an error in your SQL syntax; check the manual that corresponds to your MySQL server version for the right syntax to use near 'maker VARCHAR(255),
                year INT,
                model VARCHAR(255)' at line 5
2023-08-25 12:12:55 [scrapy.core.scraper] ERROR: Spider error processing <GET https://kosiski.autopartsearch.com> (referer: https://kosiski.autopartsearch.com)
Traceback (most recent call last):
  File "C:\Users\BAPS\AppData\Local\Programs\Python\Python311\Lib\site-packages\scrapy\utils\defer.py", line 260, in iter_errback
    yield next(it)
          ^^^^^^^^
  File "C:\Users\BAPS\AppData\Local\Programs\Python\Python311\Lib\site-packages\scrapy\utils\python.py", line 336, in __next__
    return next(self.data)
           ^^^^^^^^^^^^^^^
  File "C:\Users\BAPS\AppData\Local\Programs\Python\Python311\Lib\site-packages\scrapy\utils\python.py", line 336, in __next__
    return next(self.data)
           ^^^^^^^^^^^^^^^
  File "C:\Users\BAPS\AppData\Local\Programs\Python\Python311\Lib\site-packages\scrapy\core\spidermw.py", line 106, in process_sync
    for r in iterable:
  File "C:\Users\BAPS\AppData\Local\Programs\Python\Python311\Lib\site-packages\scrapy\spidermiddlewares\offsite.py", line 28, in <genexpr>
    return (r for r in result or () if self._filter(r, spider))
           ^^^^^^^^^^^^^^^^^^^^^^^^^^^^^^^^^^^^^^^^^^^^^^^^^^^^
  File "C:\Users\BAPS\AppData\Local\Programs\Python\Python311\Lib\site-packages\scrapy\core\spidermw.py", line 106, in process_sync
    for r in iterable:
  File "C:\Users\BAPS\AppData\Local\Programs\Python\Python311\Lib\site-packages\scrapy\spidermiddlewares\referer.py", line 352, in <genexpr>
    return (self._set_referer(r, response) for r in result or ())
           ^^^^^^^^^^^^^^^^^^^^^^^^^^^^^^^^^^^^^^^^^^^^^^^^^^^^^^
  File "C:\Users\BAPS\AppData\Local\Programs\Python\Python311\Lib\site-packages\scrapy\core\spidermw.py", line 106, in process_sync
    for r in iterable:
  File "C:\Users\BAPS\AppData\Local\Programs\Python\Python311\Lib\site-packages\scrapy\spidermiddlewares\urllength.py", line 27, in <genexpr>
    return (r for r in result or () if self._filter(r, spider))
           ^^^^^^^^^^^^^^^^^^^^^^^^^^^^^^^^^^^^^^^^^^^^^^^^^^^^
  File "C:\Users\BAPS\AppData\Local\Programs\Python\Python311\Lib\site-packages\scrapy\core\spidermw.py", line 106, in process_sync
    for r in iterable:
  File "C:\Users\BAPS\AppData\Local\Programs\Python\Python311\Lib\site-packages\scrapy\spidermiddlewares\depth.py", line 31, in <genexpr>
    return (r for r in result or () if self._filter(r, response, spider))
           ^^^^^^^^^^^^^^^^^^^^^^^^^^^^^^^^^^^^^^^^^^^^^^^^^^^^^^^^^^^^^^
  File "C:\Users\BAPS\AppData\Local\Programs\Python\Python311\Lib\site-packages\scrapy\core\spidermw.py", line 106, in process_sync
    for r in iterable:
  File "D:\carpartsscraper\carpartsscraper\spiders\CarPartsSpider.py", line 42, in parse_home_page
    driver = response.meta["driver"]
             ~~~~~~~~~~~~~^^^^^^^^^^
KeyError: 'driver'
2023-08-25 12:25:13 [scrapy.core.scraper] ERROR: Spider error processing <GET https://kosiski.autopartsearch.com> (referer: https://kosiski.autopartsearch.com)
Traceback (most recent call last):
  File "C:\Users\BAPS\AppData\Local\Programs\Python\Python311\Lib\site-packages\scrapy\utils\defer.py", line 260, in iter_errback
    yield next(it)
          ^^^^^^^^
  File "C:\Users\BAPS\AppData\Local\Programs\Python\Python311\Lib\site-packages\scrapy\utils\python.py", line 336, in __next__
    return next(self.data)
           ^^^^^^^^^^^^^^^
  File "C:\Users\BAPS\AppData\Local\Programs\Python\Python311\Lib\site-packages\scrapy\utils\python.py", line 336, in __next__
    return next(self.data)
           ^^^^^^^^^^^^^^^
  File "C:\Users\BAPS\AppData\Local\Programs\Python\Python311\Lib\site-packages\scrapy\core\spidermw.py", line 106, in process_sync
    for r in iterable:
  File "C:\Users\BAPS\AppData\Local\Programs\Python\Python311\Lib\site-packages\scrapy\spidermiddlewares\offsite.py", line 28, in <genexpr>
    return (r for r in result or () if self._filter(r, spider))
           ^^^^^^^^^^^^^^^^^^^^^^^^^^^^^^^^^^^^^^^^^^^^^^^^^^^^
  File "C:\Users\BAPS\AppData\Local\Programs\Python\Python311\Lib\site-packages\scrapy\core\spidermw.py", line 106, in process_sync
    for r in iterable:
  File "C:\Users\BAPS\AppData\Local\Programs\Python\Python311\Lib\site-packages\scrapy\spidermiddlewares\referer.py", line 352, in <genexpr>
    return (self._set_referer(r, response) for r in result or ())
           ^^^^^^^^^^^^^^^^^^^^^^^^^^^^^^^^^^^^^^^^^^^^^^^^^^^^^^
  File "C:\Users\BAPS\AppData\Local\Programs\Python\Python311\Lib\site-packages\scrapy\core\spidermw.py", line 106, in process_sync
    for r in iterable:
  File "C:\Users\BAPS\AppData\Local\Programs\Python\Python311\Lib\site-packages\scrapy\spidermiddlewares\urllength.py", line 27, in <genexpr>
    return (r for r in result or () if self._filter(r, spider))
           ^^^^^^^^^^^^^^^^^^^^^^^^^^^^^^^^^^^^^^^^^^^^^^^^^^^^
  File "C:\Users\BAPS\AppData\Local\Programs\Python\Python311\Lib\site-packages\scrapy\core\spidermw.py", line 106, in process_sync
    for r in iterable:
  File "C:\Users\BAPS\AppData\Local\Programs\Python\Python311\Lib\site-packages\scrapy\spidermiddlewares\depth.py", line 31, in <genexpr>
    return (r for r in result or () if self._filter(r, response, spider))
           ^^^^^^^^^^^^^^^^^^^^^^^^^^^^^^^^^^^^^^^^^^^^^^^^^^^^^^^^^^^^^^
  File "C:\Users\BAPS\AppData\Local\Programs\Python\Python311\Lib\site-packages\scrapy\core\spidermw.py", line 106, in process_sync
    for r in iterable:
  File "D:\carpartsscraper\carpartsscraper\spiders\CarPartsSpider.py", line 42, in parse_home_page
    driver = response.meta["driver"]
             ~~~~~~~~~~~~~^^^^^^^^^^
KeyError: 'driver'
2023-08-25 12:25:59 [scrapy.core.scraper] ERROR: Spider error processing <GET https://kosiski.autopartsearch.com> (referer: https://kosiski.autopartsearch.com)
Traceback (most recent call last):
  File "C:\Users\BAPS\AppData\Local\Programs\Python\Python311\Lib\site-packages\scrapy\utils\defer.py", line 260, in iter_errback
    yield next(it)
          ^^^^^^^^
  File "C:\Users\BAPS\AppData\Local\Programs\Python\Python311\Lib\site-packages\scrapy\utils\python.py", line 336, in __next__
    return next(self.data)
           ^^^^^^^^^^^^^^^
  File "C:\Users\BAPS\AppData\Local\Programs\Python\Python311\Lib\site-packages\scrapy\utils\python.py", line 336, in __next__
    return next(self.data)
           ^^^^^^^^^^^^^^^
  File "C:\Users\BAPS\AppData\Local\Programs\Python\Python311\Lib\site-packages\scrapy\core\spidermw.py", line 106, in process_sync
    for r in iterable:
  File "C:\Users\BAPS\AppData\Local\Programs\Python\Python311\Lib\site-packages\scrapy\spidermiddlewares\offsite.py", line 28, in <genexpr>
    return (r for r in result or () if self._filter(r, spider))
           ^^^^^^^^^^^^^^^^^^^^^^^^^^^^^^^^^^^^^^^^^^^^^^^^^^^^
  File "C:\Users\BAPS\AppData\Local\Programs\Python\Python311\Lib\site-packages\scrapy\core\spidermw.py", line 106, in process_sync
    for r in iterable:
  File "C:\Users\BAPS\AppData\Local\Programs\Python\Python311\Lib\site-packages\scrapy\spidermiddlewares\referer.py", line 352, in <genexpr>
    return (self._set_referer(r, response) for r in result or ())
           ^^^^^^^^^^^^^^^^^^^^^^^^^^^^^^^^^^^^^^^^^^^^^^^^^^^^^^
  File "C:\Users\BAPS\AppData\Local\Programs\Python\Python311\Lib\site-packages\scrapy\core\spidermw.py", line 106, in process_sync
    for r in iterable:
  File "C:\Users\BAPS\AppData\Local\Programs\Python\Python311\Lib\site-packages\scrapy\spidermiddlewares\urllength.py", line 27, in <genexpr>
    return (r for r in result or () if self._filter(r, spider))
           ^^^^^^^^^^^^^^^^^^^^^^^^^^^^^^^^^^^^^^^^^^^^^^^^^^^^
  File "C:\Users\BAPS\AppData\Local\Programs\Python\Python311\Lib\site-packages\scrapy\core\spidermw.py", line 106, in process_sync
    for r in iterable:
  File "C:\Users\BAPS\AppData\Local\Programs\Python\Python311\Lib\site-packages\scrapy\spidermiddlewares\depth.py", line 31, in <genexpr>
    return (r for r in result or () if self._filter(r, response, spider))
           ^^^^^^^^^^^^^^^^^^^^^^^^^^^^^^^^^^^^^^^^^^^^^^^^^^^^^^^^^^^^^^
  File "C:\Users\BAPS\AppData\Local\Programs\Python\Python311\Lib\site-packages\scrapy\core\spidermw.py", line 106, in process_sync
    for r in iterable:
  File "D:\carpartsscraper\carpartsscraper\spiders\CarPartsSpider.py", line 42, in parse_home_page
    driver = response.meta["driver"]
             ~~~~~~~~~~~~~^^^^^^^^^^
KeyError: 'driver'
2023-08-25 12:28:07 [scrapy.core.scraper] ERROR: Spider error processing <GET https://kosiski.autopartsearch.com> (referer: https://kosiski.autopartsearch.com)
Traceback (most recent call last):
  File "C:\Users\BAPS\AppData\Local\Programs\Python\Python311\Lib\site-packages\scrapy\utils\defer.py", line 260, in iter_errback
    yield next(it)
          ^^^^^^^^
  File "C:\Users\BAPS\AppData\Local\Programs\Python\Python311\Lib\site-packages\scrapy\utils\python.py", line 336, in __next__
    return next(self.data)
           ^^^^^^^^^^^^^^^
  File "C:\Users\BAPS\AppData\Local\Programs\Python\Python311\Lib\site-packages\scrapy\utils\python.py", line 336, in __next__
    return next(self.data)
           ^^^^^^^^^^^^^^^
  File "C:\Users\BAPS\AppData\Local\Programs\Python\Python311\Lib\site-packages\scrapy\core\spidermw.py", line 106, in process_sync
    for r in iterable:
  File "C:\Users\BAPS\AppData\Local\Programs\Python\Python311\Lib\site-packages\scrapy\spidermiddlewares\offsite.py", line 28, in <genexpr>
    return (r for r in result or () if self._filter(r, spider))
           ^^^^^^^^^^^^^^^^^^^^^^^^^^^^^^^^^^^^^^^^^^^^^^^^^^^^
  File "C:\Users\BAPS\AppData\Local\Programs\Python\Python311\Lib\site-packages\scrapy\core\spidermw.py", line 106, in process_sync
    for r in iterable:
  File "C:\Users\BAPS\AppData\Local\Programs\Python\Python311\Lib\site-packages\scrapy\spidermiddlewares\referer.py", line 352, in <genexpr>
    return (self._set_referer(r, response) for r in result or ())
           ^^^^^^^^^^^^^^^^^^^^^^^^^^^^^^^^^^^^^^^^^^^^^^^^^^^^^^
  File "C:\Users\BAPS\AppData\Local\Programs\Python\Python311\Lib\site-packages\scrapy\core\spidermw.py", line 106, in process_sync
    for r in iterable:
  File "C:\Users\BAPS\AppData\Local\Programs\Python\Python311\Lib\site-packages\scrapy\spidermiddlewares\urllength.py", line 27, in <genexpr>
    return (r for r in result or () if self._filter(r, spider))
           ^^^^^^^^^^^^^^^^^^^^^^^^^^^^^^^^^^^^^^^^^^^^^^^^^^^^
  File "C:\Users\BAPS\AppData\Local\Programs\Python\Python311\Lib\site-packages\scrapy\core\spidermw.py", line 106, in process_sync
    for r in iterable:
  File "C:\Users\BAPS\AppData\Local\Programs\Python\Python311\Lib\site-packages\scrapy\spidermiddlewares\depth.py", line 31, in <genexpr>
    return (r for r in result or () if self._filter(r, response, spider))
           ^^^^^^^^^^^^^^^^^^^^^^^^^^^^^^^^^^^^^^^^^^^^^^^^^^^^^^^^^^^^^^
  File "C:\Users\BAPS\AppData\Local\Programs\Python\Python311\Lib\site-packages\scrapy\core\spidermw.py", line 106, in process_sync
    for r in iterable:
  File "D:\carpartsscraper\carpartsscraper\spiders\CarPartsSpider.py", line 42, in parse_home_page
    driver = response.meta["driver"]
             ~~~~~~~~~~~~~^^^^^^^^^^
KeyError: 'driver'
2023-08-25 12:28:36 [scrapy.core.scraper] ERROR: Spider error processing <GET https://kosiski.autopartsearch.com> (referer: https://kosiski.autopartsearch.com)
Traceback (most recent call last):
  File "C:\Users\BAPS\AppData\Local\Programs\Python\Python311\Lib\site-packages\scrapy\utils\defer.py", line 260, in iter_errback
    yield next(it)
          ^^^^^^^^
  File "C:\Users\BAPS\AppData\Local\Programs\Python\Python311\Lib\site-packages\scrapy\utils\python.py", line 336, in __next__
    return next(self.data)
           ^^^^^^^^^^^^^^^
  File "C:\Users\BAPS\AppData\Local\Programs\Python\Python311\Lib\site-packages\scrapy\utils\python.py", line 336, in __next__
    return next(self.data)
           ^^^^^^^^^^^^^^^
  File "C:\Users\BAPS\AppData\Local\Programs\Python\Python311\Lib\site-packages\scrapy\core\spidermw.py", line 106, in process_sync
    for r in iterable:
  File "C:\Users\BAPS\AppData\Local\Programs\Python\Python311\Lib\site-packages\scrapy\spidermiddlewares\offsite.py", line 28, in <genexpr>
    return (r for r in result or () if self._filter(r, spider))
           ^^^^^^^^^^^^^^^^^^^^^^^^^^^^^^^^^^^^^^^^^^^^^^^^^^^^
  File "C:\Users\BAPS\AppData\Local\Programs\Python\Python311\Lib\site-packages\scrapy\core\spidermw.py", line 106, in process_sync
    for r in iterable:
  File "C:\Users\BAPS\AppData\Local\Programs\Python\Python311\Lib\site-packages\scrapy\spidermiddlewares\referer.py", line 352, in <genexpr>
    return (self._set_referer(r, response) for r in result or ())
           ^^^^^^^^^^^^^^^^^^^^^^^^^^^^^^^^^^^^^^^^^^^^^^^^^^^^^^
  File "C:\Users\BAPS\AppData\Local\Programs\Python\Python311\Lib\site-packages\scrapy\core\spidermw.py", line 106, in process_sync
    for r in iterable:
  File "C:\Users\BAPS\AppData\Local\Programs\Python\Python311\Lib\site-packages\scrapy\spidermiddlewares\urllength.py", line 27, in <genexpr>
    return (r for r in result or () if self._filter(r, spider))
           ^^^^^^^^^^^^^^^^^^^^^^^^^^^^^^^^^^^^^^^^^^^^^^^^^^^^
  File "C:\Users\BAPS\AppData\Local\Programs\Python\Python311\Lib\site-packages\scrapy\core\spidermw.py", line 106, in process_sync
    for r in iterable:
  File "C:\Users\BAPS\AppData\Local\Programs\Python\Python311\Lib\site-packages\scrapy\spidermiddlewares\depth.py", line 31, in <genexpr>
    return (r for r in result or () if self._filter(r, response, spider))
           ^^^^^^^^^^^^^^^^^^^^^^^^^^^^^^^^^^^^^^^^^^^^^^^^^^^^^^^^^^^^^^
  File "C:\Users\BAPS\AppData\Local\Programs\Python\Python311\Lib\site-packages\scrapy\core\spidermw.py", line 106, in process_sync
    for r in iterable:
  File "D:\carpartsscraper\carpartsscraper\spiders\CarPartsSpider.py", line 42, in parse_home_page
    driver = response.meta["driver"]
             ~~~~~~~~~~~~~^^^^^^^^^^
KeyError: 'driver'
2023-08-25 12:37:31 [scrapy.core.scraper] ERROR: Spider error processing <GET https://kosiski.autopartsearch.com> (referer: https://kosiski.autopartsearch.com)
Traceback (most recent call last):
  File "C:\Users\BAPS\AppData\Local\Programs\Python\Python311\Lib\site-packages\scrapy\utils\defer.py", line 260, in iter_errback
    yield next(it)
          ^^^^^^^^
  File "C:\Users\BAPS\AppData\Local\Programs\Python\Python311\Lib\site-packages\scrapy\utils\python.py", line 336, in __next__
    return next(self.data)
           ^^^^^^^^^^^^^^^
  File "C:\Users\BAPS\AppData\Local\Programs\Python\Python311\Lib\site-packages\scrapy\utils\python.py", line 336, in __next__
    return next(self.data)
           ^^^^^^^^^^^^^^^
  File "C:\Users\BAPS\AppData\Local\Programs\Python\Python311\Lib\site-packages\scrapy\core\spidermw.py", line 106, in process_sync
    for r in iterable:
  File "C:\Users\BAPS\AppData\Local\Programs\Python\Python311\Lib\site-packages\scrapy\spidermiddlewares\offsite.py", line 28, in <genexpr>
    return (r for r in result or () if self._filter(r, spider))
           ^^^^^^^^^^^^^^^^^^^^^^^^^^^^^^^^^^^^^^^^^^^^^^^^^^^^
  File "C:\Users\BAPS\AppData\Local\Programs\Python\Python311\Lib\site-packages\scrapy\core\spidermw.py", line 106, in process_sync
    for r in iterable:
  File "C:\Users\BAPS\AppData\Local\Programs\Python\Python311\Lib\site-packages\scrapy\spidermiddlewares\referer.py", line 352, in <genexpr>
    return (self._set_referer(r, response) for r in result or ())
           ^^^^^^^^^^^^^^^^^^^^^^^^^^^^^^^^^^^^^^^^^^^^^^^^^^^^^^
  File "C:\Users\BAPS\AppData\Local\Programs\Python\Python311\Lib\site-packages\scrapy\core\spidermw.py", line 106, in process_sync
    for r in iterable:
  File "C:\Users\BAPS\AppData\Local\Programs\Python\Python311\Lib\site-packages\scrapy\spidermiddlewares\urllength.py", line 27, in <genexpr>
    return (r for r in result or () if self._filter(r, spider))
           ^^^^^^^^^^^^^^^^^^^^^^^^^^^^^^^^^^^^^^^^^^^^^^^^^^^^
  File "C:\Users\BAPS\AppData\Local\Programs\Python\Python311\Lib\site-packages\scrapy\core\spidermw.py", line 106, in process_sync
    for r in iterable:
  File "C:\Users\BAPS\AppData\Local\Programs\Python\Python311\Lib\site-packages\scrapy\spidermiddlewares\depth.py", line 31, in <genexpr>
    return (r for r in result or () if self._filter(r, response, spider))
           ^^^^^^^^^^^^^^^^^^^^^^^^^^^^^^^^^^^^^^^^^^^^^^^^^^^^^^^^^^^^^^
  File "C:\Users\BAPS\AppData\Local\Programs\Python\Python311\Lib\site-packages\scrapy\core\spidermw.py", line 106, in process_sync
    for r in iterable:
  File "D:\carpartsscraper\carpartsscraper\spiders\CarPartsSpider.py", line 42, in parse_home_page
    driver = response.meta["driver"]
             ~~~~~~~~~~~~~^^^^^^^^^^
KeyError: 'driver'
2023-08-25 12:43:25 [scrapy.core.scraper] ERROR: Spider error processing <GET https://kosiski.autopartsearch.com> (referer: https://kosiski.autopartsearch.com)
Traceback (most recent call last):
  File "C:\Users\BAPS\AppData\Local\Programs\Python\Python311\Lib\site-packages\scrapy\utils\defer.py", line 260, in iter_errback
    yield next(it)
          ^^^^^^^^
  File "C:\Users\BAPS\AppData\Local\Programs\Python\Python311\Lib\site-packages\scrapy\utils\python.py", line 336, in __next__
    return next(self.data)
           ^^^^^^^^^^^^^^^
  File "C:\Users\BAPS\AppData\Local\Programs\Python\Python311\Lib\site-packages\scrapy\utils\python.py", line 336, in __next__
    return next(self.data)
           ^^^^^^^^^^^^^^^
  File "C:\Users\BAPS\AppData\Local\Programs\Python\Python311\Lib\site-packages\scrapy\core\spidermw.py", line 106, in process_sync
    for r in iterable:
  File "C:\Users\BAPS\AppData\Local\Programs\Python\Python311\Lib\site-packages\scrapy\spidermiddlewares\offsite.py", line 28, in <genexpr>
    return (r for r in result or () if self._filter(r, spider))
           ^^^^^^^^^^^^^^^^^^^^^^^^^^^^^^^^^^^^^^^^^^^^^^^^^^^^
  File "C:\Users\BAPS\AppData\Local\Programs\Python\Python311\Lib\site-packages\scrapy\core\spidermw.py", line 106, in process_sync
    for r in iterable:
  File "C:\Users\BAPS\AppData\Local\Programs\Python\Python311\Lib\site-packages\scrapy\spidermiddlewares\referer.py", line 352, in <genexpr>
    return (self._set_referer(r, response) for r in result or ())
           ^^^^^^^^^^^^^^^^^^^^^^^^^^^^^^^^^^^^^^^^^^^^^^^^^^^^^^
  File "C:\Users\BAPS\AppData\Local\Programs\Python\Python311\Lib\site-packages\scrapy\core\spidermw.py", line 106, in process_sync
    for r in iterable:
  File "C:\Users\BAPS\AppData\Local\Programs\Python\Python311\Lib\site-packages\scrapy\spidermiddlewares\urllength.py", line 27, in <genexpr>
    return (r for r in result or () if self._filter(r, spider))
           ^^^^^^^^^^^^^^^^^^^^^^^^^^^^^^^^^^^^^^^^^^^^^^^^^^^^
  File "C:\Users\BAPS\AppData\Local\Programs\Python\Python311\Lib\site-packages\scrapy\core\spidermw.py", line 106, in process_sync
    for r in iterable:
  File "C:\Users\BAPS\AppData\Local\Programs\Python\Python311\Lib\site-packages\scrapy\spidermiddlewares\depth.py", line 31, in <genexpr>
    return (r for r in result or () if self._filter(r, response, spider))
           ^^^^^^^^^^^^^^^^^^^^^^^^^^^^^^^^^^^^^^^^^^^^^^^^^^^^^^^^^^^^^^
  File "C:\Users\BAPS\AppData\Local\Programs\Python\Python311\Lib\site-packages\scrapy\core\spidermw.py", line 106, in process_sync
    for r in iterable:
  File "D:\carpartsscraper\carpartsscraper\spiders\CarPartsSpider.py", line 42, in parse_home_page
    driver = response.meta["driver"]
             ~~~~~~~~~~~~~^^^^^^^^^^
KeyError: 'driver'
2023-08-25 12:44:17 [scrapy.core.scraper] ERROR: Spider error processing <GET https://kosiski.autopartsearch.com> (referer: https://kosiski.autopartsearch.com)
Traceback (most recent call last):
  File "C:\Users\BAPS\AppData\Local\Programs\Python\Python311\Lib\site-packages\scrapy\utils\defer.py", line 260, in iter_errback
    yield next(it)
          ^^^^^^^^
  File "C:\Users\BAPS\AppData\Local\Programs\Python\Python311\Lib\site-packages\scrapy\utils\python.py", line 336, in __next__
    return next(self.data)
           ^^^^^^^^^^^^^^^
  File "C:\Users\BAPS\AppData\Local\Programs\Python\Python311\Lib\site-packages\scrapy\utils\python.py", line 336, in __next__
    return next(self.data)
           ^^^^^^^^^^^^^^^
  File "C:\Users\BAPS\AppData\Local\Programs\Python\Python311\Lib\site-packages\scrapy\core\spidermw.py", line 106, in process_sync
    for r in iterable:
  File "C:\Users\BAPS\AppData\Local\Programs\Python\Python311\Lib\site-packages\scrapy\spidermiddlewares\offsite.py", line 28, in <genexpr>
    return (r for r in result or () if self._filter(r, spider))
           ^^^^^^^^^^^^^^^^^^^^^^^^^^^^^^^^^^^^^^^^^^^^^^^^^^^^
  File "C:\Users\BAPS\AppData\Local\Programs\Python\Python311\Lib\site-packages\scrapy\core\spidermw.py", line 106, in process_sync
    for r in iterable:
  File "C:\Users\BAPS\AppData\Local\Programs\Python\Python311\Lib\site-packages\scrapy\spidermiddlewares\referer.py", line 352, in <genexpr>
    return (self._set_referer(r, response) for r in result or ())
           ^^^^^^^^^^^^^^^^^^^^^^^^^^^^^^^^^^^^^^^^^^^^^^^^^^^^^^
  File "C:\Users\BAPS\AppData\Local\Programs\Python\Python311\Lib\site-packages\scrapy\core\spidermw.py", line 106, in process_sync
    for r in iterable:
  File "C:\Users\BAPS\AppData\Local\Programs\Python\Python311\Lib\site-packages\scrapy\spidermiddlewares\urllength.py", line 27, in <genexpr>
    return (r for r in result or () if self._filter(r, spider))
           ^^^^^^^^^^^^^^^^^^^^^^^^^^^^^^^^^^^^^^^^^^^^^^^^^^^^
  File "C:\Users\BAPS\AppData\Local\Programs\Python\Python311\Lib\site-packages\scrapy\core\spidermw.py", line 106, in process_sync
    for r in iterable:
  File "C:\Users\BAPS\AppData\Local\Programs\Python\Python311\Lib\site-packages\scrapy\spidermiddlewares\depth.py", line 31, in <genexpr>
    return (r for r in result or () if self._filter(r, response, spider))
           ^^^^^^^^^^^^^^^^^^^^^^^^^^^^^^^^^^^^^^^^^^^^^^^^^^^^^^^^^^^^^^
  File "C:\Users\BAPS\AppData\Local\Programs\Python\Python311\Lib\site-packages\scrapy\core\spidermw.py", line 106, in process_sync
    for r in iterable:
  File "D:\carpartsscraper\carpartsscraper\spiders\CarPartsSpider.py", line 42, in parse_home_page
    driver = response.meta["driver"]
             ~~~~~~~~~~~~~^^^^^^^^^^
KeyError: 'driver'
2023-08-25 12:46:22 [scrapy.core.scraper] ERROR: Spider error processing <GET https://kosiski.autopartsearch.com> (referer: https://kosiski.autopartsearch.com)
Traceback (most recent call last):
  File "C:\Users\BAPS\AppData\Local\Programs\Python\Python311\Lib\site-packages\scrapy\utils\defer.py", line 260, in iter_errback
    yield next(it)
          ^^^^^^^^
  File "C:\Users\BAPS\AppData\Local\Programs\Python\Python311\Lib\site-packages\scrapy\utils\python.py", line 336, in __next__
    return next(self.data)
           ^^^^^^^^^^^^^^^
  File "C:\Users\BAPS\AppData\Local\Programs\Python\Python311\Lib\site-packages\scrapy\utils\python.py", line 336, in __next__
    return next(self.data)
           ^^^^^^^^^^^^^^^
  File "C:\Users\BAPS\AppData\Local\Programs\Python\Python311\Lib\site-packages\scrapy\core\spidermw.py", line 106, in process_sync
    for r in iterable:
  File "C:\Users\BAPS\AppData\Local\Programs\Python\Python311\Lib\site-packages\scrapy\spidermiddlewares\offsite.py", line 28, in <genexpr>
    return (r for r in result or () if self._filter(r, spider))
           ^^^^^^^^^^^^^^^^^^^^^^^^^^^^^^^^^^^^^^^^^^^^^^^^^^^^
  File "C:\Users\BAPS\AppData\Local\Programs\Python\Python311\Lib\site-packages\scrapy\core\spidermw.py", line 106, in process_sync
    for r in iterable:
  File "C:\Users\BAPS\AppData\Local\Programs\Python\Python311\Lib\site-packages\scrapy\spidermiddlewares\referer.py", line 352, in <genexpr>
    return (self._set_referer(r, response) for r in result or ())
           ^^^^^^^^^^^^^^^^^^^^^^^^^^^^^^^^^^^^^^^^^^^^^^^^^^^^^^
  File "C:\Users\BAPS\AppData\Local\Programs\Python\Python311\Lib\site-packages\scrapy\core\spidermw.py", line 106, in process_sync
    for r in iterable:
  File "C:\Users\BAPS\AppData\Local\Programs\Python\Python311\Lib\site-packages\scrapy\spidermiddlewares\urllength.py", line 27, in <genexpr>
    return (r for r in result or () if self._filter(r, spider))
           ^^^^^^^^^^^^^^^^^^^^^^^^^^^^^^^^^^^^^^^^^^^^^^^^^^^^
  File "C:\Users\BAPS\AppData\Local\Programs\Python\Python311\Lib\site-packages\scrapy\core\spidermw.py", line 106, in process_sync
    for r in iterable:
  File "C:\Users\BAPS\AppData\Local\Programs\Python\Python311\Lib\site-packages\scrapy\spidermiddlewares\depth.py", line 31, in <genexpr>
    return (r for r in result or () if self._filter(r, response, spider))
           ^^^^^^^^^^^^^^^^^^^^^^^^^^^^^^^^^^^^^^^^^^^^^^^^^^^^^^^^^^^^^^
  File "C:\Users\BAPS\AppData\Local\Programs\Python\Python311\Lib\site-packages\scrapy\core\spidermw.py", line 106, in process_sync
    for r in iterable:
  File "D:\carpartsscraper\carpartsscraper\spiders\CarPartsSpider.py", line 42, in parse_home_page
    driver = response.meta["driver"]
             ~~~~~~~~~~~~~^^^^^^^^^^
KeyError: 'driver'
2023-08-25 15:04:53 [scrapy.core.scraper] ERROR: Spider error processing <GET https://kosiski.autopartsearch.com> (referer: https://kosiski.autopartsearch.com)
Traceback (most recent call last):
  File "C:\Users\BAPS\AppData\Local\Programs\Python\Python311\Lib\site-packages\scrapy\utils\defer.py", line 260, in iter_errback
    yield next(it)
          ^^^^^^^^
  File "C:\Users\BAPS\AppData\Local\Programs\Python\Python311\Lib\site-packages\scrapy\utils\python.py", line 336, in __next__
    return next(self.data)
           ^^^^^^^^^^^^^^^
  File "C:\Users\BAPS\AppData\Local\Programs\Python\Python311\Lib\site-packages\scrapy\utils\python.py", line 336, in __next__
    return next(self.data)
           ^^^^^^^^^^^^^^^
  File "C:\Users\BAPS\AppData\Local\Programs\Python\Python311\Lib\site-packages\scrapy\core\spidermw.py", line 106, in process_sync
    for r in iterable:
  File "C:\Users\BAPS\AppData\Local\Programs\Python\Python311\Lib\site-packages\scrapy\spidermiddlewares\offsite.py", line 28, in <genexpr>
    return (r for r in result or () if self._filter(r, spider))
           ^^^^^^^^^^^^^^^^^^^^^^^^^^^^^^^^^^^^^^^^^^^^^^^^^^^^
  File "C:\Users\BAPS\AppData\Local\Programs\Python\Python311\Lib\site-packages\scrapy\core\spidermw.py", line 106, in process_sync
    for r in iterable:
  File "C:\Users\BAPS\AppData\Local\Programs\Python\Python311\Lib\site-packages\scrapy\spidermiddlewares\referer.py", line 352, in <genexpr>
    return (self._set_referer(r, response) for r in result or ())
           ^^^^^^^^^^^^^^^^^^^^^^^^^^^^^^^^^^^^^^^^^^^^^^^^^^^^^^
  File "C:\Users\BAPS\AppData\Local\Programs\Python\Python311\Lib\site-packages\scrapy\core\spidermw.py", line 106, in process_sync
    for r in iterable:
  File "C:\Users\BAPS\AppData\Local\Programs\Python\Python311\Lib\site-packages\scrapy\spidermiddlewares\urllength.py", line 27, in <genexpr>
    return (r for r in result or () if self._filter(r, spider))
           ^^^^^^^^^^^^^^^^^^^^^^^^^^^^^^^^^^^^^^^^^^^^^^^^^^^^
  File "C:\Users\BAPS\AppData\Local\Programs\Python\Python311\Lib\site-packages\scrapy\core\spidermw.py", line 106, in process_sync
    for r in iterable:
  File "C:\Users\BAPS\AppData\Local\Programs\Python\Python311\Lib\site-packages\scrapy\spidermiddlewares\depth.py", line 31, in <genexpr>
    return (r for r in result or () if self._filter(r, response, spider))
           ^^^^^^^^^^^^^^^^^^^^^^^^^^^^^^^^^^^^^^^^^^^^^^^^^^^^^^^^^^^^^^
  File "C:\Users\BAPS\AppData\Local\Programs\Python\Python311\Lib\site-packages\scrapy\core\spidermw.py", line 106, in process_sync
    for r in iterable:
  File "D:\carpartsscraper\carpartsscraper\spiders\CarPartsSpider.py", line 42, in parse_home_page
    driver = response.meta["driver"]
             ~~~~~~~~~~~~~^^^^^^^^^^
KeyError: 'driver'
2023-08-25 15:15:17 [scrapy.core.scraper] ERROR: Spider error processing <GET https://kosiski.autopartsearch.com> (referer: https://kosiski.autopartsearch.com)
Traceback (most recent call last):
  File "C:\Users\BAPS\AppData\Local\Programs\Python\Python311\Lib\site-packages\scrapy\utils\defer.py", line 260, in iter_errback
    yield next(it)
          ^^^^^^^^
  File "C:\Users\BAPS\AppData\Local\Programs\Python\Python311\Lib\site-packages\scrapy\utils\python.py", line 336, in __next__
    return next(self.data)
           ^^^^^^^^^^^^^^^
  File "C:\Users\BAPS\AppData\Local\Programs\Python\Python311\Lib\site-packages\scrapy\utils\python.py", line 336, in __next__
    return next(self.data)
           ^^^^^^^^^^^^^^^
  File "C:\Users\BAPS\AppData\Local\Programs\Python\Python311\Lib\site-packages\scrapy\core\spidermw.py", line 106, in process_sync
    for r in iterable:
  File "C:\Users\BAPS\AppData\Local\Programs\Python\Python311\Lib\site-packages\scrapy\spidermiddlewares\offsite.py", line 28, in <genexpr>
    return (r for r in result or () if self._filter(r, spider))
           ^^^^^^^^^^^^^^^^^^^^^^^^^^^^^^^^^^^^^^^^^^^^^^^^^^^^
  File "C:\Users\BAPS\AppData\Local\Programs\Python\Python311\Lib\site-packages\scrapy\core\spidermw.py", line 106, in process_sync
    for r in iterable:
  File "C:\Users\BAPS\AppData\Local\Programs\Python\Python311\Lib\site-packages\scrapy\spidermiddlewares\referer.py", line 352, in <genexpr>
    return (self._set_referer(r, response) for r in result or ())
           ^^^^^^^^^^^^^^^^^^^^^^^^^^^^^^^^^^^^^^^^^^^^^^^^^^^^^^
  File "C:\Users\BAPS\AppData\Local\Programs\Python\Python311\Lib\site-packages\scrapy\core\spidermw.py", line 106, in process_sync
    for r in iterable:
  File "C:\Users\BAPS\AppData\Local\Programs\Python\Python311\Lib\site-packages\scrapy\spidermiddlewares\urllength.py", line 27, in <genexpr>
    return (r for r in result or () if self._filter(r, spider))
           ^^^^^^^^^^^^^^^^^^^^^^^^^^^^^^^^^^^^^^^^^^^^^^^^^^^^
  File "C:\Users\BAPS\AppData\Local\Programs\Python\Python311\Lib\site-packages\scrapy\core\spidermw.py", line 106, in process_sync
    for r in iterable:
  File "C:\Users\BAPS\AppData\Local\Programs\Python\Python311\Lib\site-packages\scrapy\spidermiddlewares\depth.py", line 31, in <genexpr>
    return (r for r in result or () if self._filter(r, response, spider))
           ^^^^^^^^^^^^^^^^^^^^^^^^^^^^^^^^^^^^^^^^^^^^^^^^^^^^^^^^^^^^^^
  File "C:\Users\BAPS\AppData\Local\Programs\Python\Python311\Lib\site-packages\scrapy\core\spidermw.py", line 106, in process_sync
    for r in iterable:
  File "D:\carpartsscraper\carpartsscraper\spiders\CarPartsSpider.py", line 42, in parse_home_page
    driver = response.meta["driver"]
             ~~~~~~~~~~~~~^^^^^^^^^^
KeyError: 'driver'
2023-08-25 15:16:57 [scrapy.core.scraper] ERROR: Spider error processing <GET https://kosiski.autopartsearch.com> (referer: https://kosiski.autopartsearch.com)
Traceback (most recent call last):
  File "C:\Users\BAPS\AppData\Local\Programs\Python\Python311\Lib\site-packages\scrapy\utils\defer.py", line 260, in iter_errback
    yield next(it)
          ^^^^^^^^
  File "C:\Users\BAPS\AppData\Local\Programs\Python\Python311\Lib\site-packages\scrapy\utils\python.py", line 336, in __next__
    return next(self.data)
           ^^^^^^^^^^^^^^^
  File "C:\Users\BAPS\AppData\Local\Programs\Python\Python311\Lib\site-packages\scrapy\utils\python.py", line 336, in __next__
    return next(self.data)
           ^^^^^^^^^^^^^^^
  File "C:\Users\BAPS\AppData\Local\Programs\Python\Python311\Lib\site-packages\scrapy\core\spidermw.py", line 106, in process_sync
    for r in iterable:
  File "C:\Users\BAPS\AppData\Local\Programs\Python\Python311\Lib\site-packages\scrapy\spidermiddlewares\offsite.py", line 28, in <genexpr>
    return (r for r in result or () if self._filter(r, spider))
           ^^^^^^^^^^^^^^^^^^^^^^^^^^^^^^^^^^^^^^^^^^^^^^^^^^^^
  File "C:\Users\BAPS\AppData\Local\Programs\Python\Python311\Lib\site-packages\scrapy\core\spidermw.py", line 106, in process_sync
    for r in iterable:
  File "C:\Users\BAPS\AppData\Local\Programs\Python\Python311\Lib\site-packages\scrapy\spidermiddlewares\referer.py", line 352, in <genexpr>
    return (self._set_referer(r, response) for r in result or ())
           ^^^^^^^^^^^^^^^^^^^^^^^^^^^^^^^^^^^^^^^^^^^^^^^^^^^^^^
  File "C:\Users\BAPS\AppData\Local\Programs\Python\Python311\Lib\site-packages\scrapy\core\spidermw.py", line 106, in process_sync
    for r in iterable:
  File "C:\Users\BAPS\AppData\Local\Programs\Python\Python311\Lib\site-packages\scrapy\spidermiddlewares\urllength.py", line 27, in <genexpr>
    return (r for r in result or () if self._filter(r, spider))
           ^^^^^^^^^^^^^^^^^^^^^^^^^^^^^^^^^^^^^^^^^^^^^^^^^^^^
  File "C:\Users\BAPS\AppData\Local\Programs\Python\Python311\Lib\site-packages\scrapy\core\spidermw.py", line 106, in process_sync
    for r in iterable:
  File "C:\Users\BAPS\AppData\Local\Programs\Python\Python311\Lib\site-packages\scrapy\spidermiddlewares\depth.py", line 31, in <genexpr>
    return (r for r in result or () if self._filter(r, response, spider))
           ^^^^^^^^^^^^^^^^^^^^^^^^^^^^^^^^^^^^^^^^^^^^^^^^^^^^^^^^^^^^^^
  File "C:\Users\BAPS\AppData\Local\Programs\Python\Python311\Lib\site-packages\scrapy\core\spidermw.py", line 106, in process_sync
    for r in iterable:
  File "D:\carpartsscraper\carpartsscraper\spiders\CarPartsSpider.py", line 42, in parse_home_page
    driver = response.meta["driver"]
             ~~~~~~~~~~~~~^^^^^^^^^^
KeyError: 'driver'
2023-08-25 15:18:28 [scrapy.core.scraper] ERROR: Spider error processing <GET https://kosiski.autopartsearch.com> (referer: https://kosiski.autopartsearch.com)
Traceback (most recent call last):
  File "C:\Users\BAPS\AppData\Local\Programs\Python\Python311\Lib\site-packages\scrapy\utils\defer.py", line 260, in iter_errback
    yield next(it)
          ^^^^^^^^
  File "C:\Users\BAPS\AppData\Local\Programs\Python\Python311\Lib\site-packages\scrapy\utils\python.py", line 336, in __next__
    return next(self.data)
           ^^^^^^^^^^^^^^^
  File "C:\Users\BAPS\AppData\Local\Programs\Python\Python311\Lib\site-packages\scrapy\utils\python.py", line 336, in __next__
    return next(self.data)
           ^^^^^^^^^^^^^^^
  File "C:\Users\BAPS\AppData\Local\Programs\Python\Python311\Lib\site-packages\scrapy\core\spidermw.py", line 106, in process_sync
    for r in iterable:
  File "C:\Users\BAPS\AppData\Local\Programs\Python\Python311\Lib\site-packages\scrapy\spidermiddlewares\offsite.py", line 28, in <genexpr>
    return (r for r in result or () if self._filter(r, spider))
           ^^^^^^^^^^^^^^^^^^^^^^^^^^^^^^^^^^^^^^^^^^^^^^^^^^^^
  File "C:\Users\BAPS\AppData\Local\Programs\Python\Python311\Lib\site-packages\scrapy\core\spidermw.py", line 106, in process_sync
    for r in iterable:
  File "C:\Users\BAPS\AppData\Local\Programs\Python\Python311\Lib\site-packages\scrapy\spidermiddlewares\referer.py", line 352, in <genexpr>
    return (self._set_referer(r, response) for r in result or ())
           ^^^^^^^^^^^^^^^^^^^^^^^^^^^^^^^^^^^^^^^^^^^^^^^^^^^^^^
  File "C:\Users\BAPS\AppData\Local\Programs\Python\Python311\Lib\site-packages\scrapy\core\spidermw.py", line 106, in process_sync
    for r in iterable:
  File "C:\Users\BAPS\AppData\Local\Programs\Python\Python311\Lib\site-packages\scrapy\spidermiddlewares\urllength.py", line 27, in <genexpr>
    return (r for r in result or () if self._filter(r, spider))
           ^^^^^^^^^^^^^^^^^^^^^^^^^^^^^^^^^^^^^^^^^^^^^^^^^^^^
  File "C:\Users\BAPS\AppData\Local\Programs\Python\Python311\Lib\site-packages\scrapy\core\spidermw.py", line 106, in process_sync
    for r in iterable:
  File "C:\Users\BAPS\AppData\Local\Programs\Python\Python311\Lib\site-packages\scrapy\spidermiddlewares\depth.py", line 31, in <genexpr>
    return (r for r in result or () if self._filter(r, response, spider))
           ^^^^^^^^^^^^^^^^^^^^^^^^^^^^^^^^^^^^^^^^^^^^^^^^^^^^^^^^^^^^^^
  File "C:\Users\BAPS\AppData\Local\Programs\Python\Python311\Lib\site-packages\scrapy\core\spidermw.py", line 106, in process_sync
    for r in iterable:
  File "D:\carpartsscraper\carpartsscraper\spiders\CarPartsSpider.py", line 42, in parse_home_page
    driver = response.meta["driver"]
             ~~~~~~~~~~~~~^^^^^^^^^^
KeyError: 'driver'
2023-08-25 15:20:45 [scrapy.core.scraper] ERROR: Spider error processing <GET https://kosiski.autopartsearch.com> (referer: https://kosiski.autopartsearch.com)
Traceback (most recent call last):
  File "C:\Users\BAPS\AppData\Local\Programs\Python\Python311\Lib\site-packages\scrapy\utils\defer.py", line 260, in iter_errback
    yield next(it)
          ^^^^^^^^
  File "C:\Users\BAPS\AppData\Local\Programs\Python\Python311\Lib\site-packages\scrapy\utils\python.py", line 336, in __next__
    return next(self.data)
           ^^^^^^^^^^^^^^^
  File "C:\Users\BAPS\AppData\Local\Programs\Python\Python311\Lib\site-packages\scrapy\utils\python.py", line 336, in __next__
    return next(self.data)
           ^^^^^^^^^^^^^^^
  File "C:\Users\BAPS\AppData\Local\Programs\Python\Python311\Lib\site-packages\scrapy\core\spidermw.py", line 106, in process_sync
    for r in iterable:
  File "C:\Users\BAPS\AppData\Local\Programs\Python\Python311\Lib\site-packages\scrapy\spidermiddlewares\offsite.py", line 28, in <genexpr>
    return (r for r in result or () if self._filter(r, spider))
           ^^^^^^^^^^^^^^^^^^^^^^^^^^^^^^^^^^^^^^^^^^^^^^^^^^^^
  File "C:\Users\BAPS\AppData\Local\Programs\Python\Python311\Lib\site-packages\scrapy\core\spidermw.py", line 106, in process_sync
    for r in iterable:
  File "C:\Users\BAPS\AppData\Local\Programs\Python\Python311\Lib\site-packages\scrapy\spidermiddlewares\referer.py", line 352, in <genexpr>
    return (self._set_referer(r, response) for r in result or ())
           ^^^^^^^^^^^^^^^^^^^^^^^^^^^^^^^^^^^^^^^^^^^^^^^^^^^^^^
  File "C:\Users\BAPS\AppData\Local\Programs\Python\Python311\Lib\site-packages\scrapy\core\spidermw.py", line 106, in process_sync
    for r in iterable:
  File "C:\Users\BAPS\AppData\Local\Programs\Python\Python311\Lib\site-packages\scrapy\spidermiddlewares\urllength.py", line 27, in <genexpr>
    return (r for r in result or () if self._filter(r, spider))
           ^^^^^^^^^^^^^^^^^^^^^^^^^^^^^^^^^^^^^^^^^^^^^^^^^^^^
  File "C:\Users\BAPS\AppData\Local\Programs\Python\Python311\Lib\site-packages\scrapy\core\spidermw.py", line 106, in process_sync
    for r in iterable:
  File "C:\Users\BAPS\AppData\Local\Programs\Python\Python311\Lib\site-packages\scrapy\spidermiddlewares\depth.py", line 31, in <genexpr>
    return (r for r in result or () if self._filter(r, response, spider))
           ^^^^^^^^^^^^^^^^^^^^^^^^^^^^^^^^^^^^^^^^^^^^^^^^^^^^^^^^^^^^^^
  File "C:\Users\BAPS\AppData\Local\Programs\Python\Python311\Lib\site-packages\scrapy\core\spidermw.py", line 106, in process_sync
    for r in iterable:
  File "D:\carpartsscraper\carpartsscraper\spiders\CarPartsSpider.py", line 43, in parse_home_page
    driver = response.meta["driver"]
             ~~~~~~~~~~~~~^^^^^^^^^^
KeyError: 'driver'
2023-08-25 15:21:21 [scrapy.core.scraper] ERROR: Spider error processing <GET https://kosiski.autopartsearch.com> (referer: https://kosiski.autopartsearch.com)
Traceback (most recent call last):
  File "C:\Users\BAPS\AppData\Local\Programs\Python\Python311\Lib\site-packages\scrapy\utils\defer.py", line 260, in iter_errback
    yield next(it)
          ^^^^^^^^
  File "C:\Users\BAPS\AppData\Local\Programs\Python\Python311\Lib\site-packages\scrapy\utils\python.py", line 336, in __next__
    return next(self.data)
           ^^^^^^^^^^^^^^^
  File "C:\Users\BAPS\AppData\Local\Programs\Python\Python311\Lib\site-packages\scrapy\utils\python.py", line 336, in __next__
    return next(self.data)
           ^^^^^^^^^^^^^^^
  File "C:\Users\BAPS\AppData\Local\Programs\Python\Python311\Lib\site-packages\scrapy\core\spidermw.py", line 106, in process_sync
    for r in iterable:
  File "C:\Users\BAPS\AppData\Local\Programs\Python\Python311\Lib\site-packages\scrapy\spidermiddlewares\offsite.py", line 28, in <genexpr>
    return (r for r in result or () if self._filter(r, spider))
           ^^^^^^^^^^^^^^^^^^^^^^^^^^^^^^^^^^^^^^^^^^^^^^^^^^^^
  File "C:\Users\BAPS\AppData\Local\Programs\Python\Python311\Lib\site-packages\scrapy\core\spidermw.py", line 106, in process_sync
    for r in iterable:
  File "C:\Users\BAPS\AppData\Local\Programs\Python\Python311\Lib\site-packages\scrapy\spidermiddlewares\referer.py", line 352, in <genexpr>
    return (self._set_referer(r, response) for r in result or ())
           ^^^^^^^^^^^^^^^^^^^^^^^^^^^^^^^^^^^^^^^^^^^^^^^^^^^^^^
  File "C:\Users\BAPS\AppData\Local\Programs\Python\Python311\Lib\site-packages\scrapy\core\spidermw.py", line 106, in process_sync
    for r in iterable:
  File "C:\Users\BAPS\AppData\Local\Programs\Python\Python311\Lib\site-packages\scrapy\spidermiddlewares\urllength.py", line 27, in <genexpr>
    return (r for r in result or () if self._filter(r, spider))
           ^^^^^^^^^^^^^^^^^^^^^^^^^^^^^^^^^^^^^^^^^^^^^^^^^^^^
  File "C:\Users\BAPS\AppData\Local\Programs\Python\Python311\Lib\site-packages\scrapy\core\spidermw.py", line 106, in process_sync
    for r in iterable:
  File "C:\Users\BAPS\AppData\Local\Programs\Python\Python311\Lib\site-packages\scrapy\spidermiddlewares\depth.py", line 31, in <genexpr>
    return (r for r in result or () if self._filter(r, response, spider))
           ^^^^^^^^^^^^^^^^^^^^^^^^^^^^^^^^^^^^^^^^^^^^^^^^^^^^^^^^^^^^^^
  File "C:\Users\BAPS\AppData\Local\Programs\Python\Python311\Lib\site-packages\scrapy\core\spidermw.py", line 106, in process_sync
    for r in iterable:
  File "D:\carpartsscraper\carpartsscraper\spiders\CarPartsSpider.py", line 43, in parse_home_page
    driver = response.meta["driver"]
             ~~~~~~~~~~~~~^^^^^^^^^^
KeyError: 'driver'
2023-08-25 15:22:11 [scrapy.core.scraper] ERROR: Spider error processing <GET https://kosiski.autopartsearch.com> (referer: https://kosiski.autopartsearch.com)
Traceback (most recent call last):
  File "C:\Users\BAPS\AppData\Local\Programs\Python\Python311\Lib\site-packages\scrapy\utils\defer.py", line 260, in iter_errback
    yield next(it)
          ^^^^^^^^
  File "C:\Users\BAPS\AppData\Local\Programs\Python\Python311\Lib\site-packages\scrapy\utils\python.py", line 336, in __next__
    return next(self.data)
           ^^^^^^^^^^^^^^^
  File "C:\Users\BAPS\AppData\Local\Programs\Python\Python311\Lib\site-packages\scrapy\utils\python.py", line 336, in __next__
    return next(self.data)
           ^^^^^^^^^^^^^^^
  File "C:\Users\BAPS\AppData\Local\Programs\Python\Python311\Lib\site-packages\scrapy\core\spidermw.py", line 106, in process_sync
    for r in iterable:
  File "C:\Users\BAPS\AppData\Local\Programs\Python\Python311\Lib\site-packages\scrapy\spidermiddlewares\offsite.py", line 28, in <genexpr>
    return (r for r in result or () if self._filter(r, spider))
           ^^^^^^^^^^^^^^^^^^^^^^^^^^^^^^^^^^^^^^^^^^^^^^^^^^^^
  File "C:\Users\BAPS\AppData\Local\Programs\Python\Python311\Lib\site-packages\scrapy\core\spidermw.py", line 106, in process_sync
    for r in iterable:
  File "C:\Users\BAPS\AppData\Local\Programs\Python\Python311\Lib\site-packages\scrapy\spidermiddlewares\referer.py", line 352, in <genexpr>
    return (self._set_referer(r, response) for r in result or ())
           ^^^^^^^^^^^^^^^^^^^^^^^^^^^^^^^^^^^^^^^^^^^^^^^^^^^^^^
  File "C:\Users\BAPS\AppData\Local\Programs\Python\Python311\Lib\site-packages\scrapy\core\spidermw.py", line 106, in process_sync
    for r in iterable:
  File "C:\Users\BAPS\AppData\Local\Programs\Python\Python311\Lib\site-packages\scrapy\spidermiddlewares\urllength.py", line 27, in <genexpr>
    return (r for r in result or () if self._filter(r, spider))
           ^^^^^^^^^^^^^^^^^^^^^^^^^^^^^^^^^^^^^^^^^^^^^^^^^^^^
  File "C:\Users\BAPS\AppData\Local\Programs\Python\Python311\Lib\site-packages\scrapy\core\spidermw.py", line 106, in process_sync
    for r in iterable:
  File "C:\Users\BAPS\AppData\Local\Programs\Python\Python311\Lib\site-packages\scrapy\spidermiddlewares\depth.py", line 31, in <genexpr>
    return (r for r in result or () if self._filter(r, response, spider))
           ^^^^^^^^^^^^^^^^^^^^^^^^^^^^^^^^^^^^^^^^^^^^^^^^^^^^^^^^^^^^^^
  File "C:\Users\BAPS\AppData\Local\Programs\Python\Python311\Lib\site-packages\scrapy\core\spidermw.py", line 106, in process_sync
    for r in iterable:
  File "D:\carpartsscraper\carpartsscraper\spiders\CarPartsSpider.py", line 43, in parse_home_page
    driver = response.meta["driver"]
             ~~~~~~~~~~~~~^^^^^^^^^^
KeyError: 'driver'
2023-08-25 15:24:53 [scrapy.core.scraper] ERROR: Spider error processing <GET https://kosiski.autopartsearch.com> (referer: https://kosiski.autopartsearch.com)
Traceback (most recent call last):
  File "C:\Users\BAPS\AppData\Local\Programs\Python\Python311\Lib\site-packages\scrapy\utils\defer.py", line 260, in iter_errback
    yield next(it)
          ^^^^^^^^
  File "C:\Users\BAPS\AppData\Local\Programs\Python\Python311\Lib\site-packages\scrapy\utils\python.py", line 336, in __next__
    return next(self.data)
           ^^^^^^^^^^^^^^^
  File "C:\Users\BAPS\AppData\Local\Programs\Python\Python311\Lib\site-packages\scrapy\utils\python.py", line 336, in __next__
    return next(self.data)
           ^^^^^^^^^^^^^^^
  File "C:\Users\BAPS\AppData\Local\Programs\Python\Python311\Lib\site-packages\scrapy\core\spidermw.py", line 106, in process_sync
    for r in iterable:
  File "C:\Users\BAPS\AppData\Local\Programs\Python\Python311\Lib\site-packages\scrapy\spidermiddlewares\offsite.py", line 28, in <genexpr>
    return (r for r in result or () if self._filter(r, spider))
           ^^^^^^^^^^^^^^^^^^^^^^^^^^^^^^^^^^^^^^^^^^^^^^^^^^^^
  File "C:\Users\BAPS\AppData\Local\Programs\Python\Python311\Lib\site-packages\scrapy\core\spidermw.py", line 106, in process_sync
    for r in iterable:
  File "C:\Users\BAPS\AppData\Local\Programs\Python\Python311\Lib\site-packages\scrapy\spidermiddlewares\referer.py", line 352, in <genexpr>
    return (self._set_referer(r, response) for r in result or ())
           ^^^^^^^^^^^^^^^^^^^^^^^^^^^^^^^^^^^^^^^^^^^^^^^^^^^^^^
  File "C:\Users\BAPS\AppData\Local\Programs\Python\Python311\Lib\site-packages\scrapy\core\spidermw.py", line 106, in process_sync
    for r in iterable:
  File "C:\Users\BAPS\AppData\Local\Programs\Python\Python311\Lib\site-packages\scrapy\spidermiddlewares\urllength.py", line 27, in <genexpr>
    return (r for r in result or () if self._filter(r, spider))
           ^^^^^^^^^^^^^^^^^^^^^^^^^^^^^^^^^^^^^^^^^^^^^^^^^^^^
  File "C:\Users\BAPS\AppData\Local\Programs\Python\Python311\Lib\site-packages\scrapy\core\spidermw.py", line 106, in process_sync
    for r in iterable:
  File "C:\Users\BAPS\AppData\Local\Programs\Python\Python311\Lib\site-packages\scrapy\spidermiddlewares\depth.py", line 31, in <genexpr>
    return (r for r in result or () if self._filter(r, response, spider))
           ^^^^^^^^^^^^^^^^^^^^^^^^^^^^^^^^^^^^^^^^^^^^^^^^^^^^^^^^^^^^^^
  File "C:\Users\BAPS\AppData\Local\Programs\Python\Python311\Lib\site-packages\scrapy\core\spidermw.py", line 106, in process_sync
    for r in iterable:
  File "D:\carpartsscraper\carpartsscraper\spiders\CarPartsSpider.py", line 43, in parse_home_page
    driver = response.meta["driver"]
             ~~~~~~~~~~~~~^^^^^^^^^^
KeyError: 'driver'
2023-08-25 15:28:16 [scrapy.utils.log] INFO: Scrapy 2.9.0 started (bot: carpartsscraper)
2023-08-25 15:28:16 [scrapy.utils.log] INFO: Versions: lxml 4.9.3.0, libxml2 2.10.3, cssselect 1.2.0, parsel 1.8.1, w3lib 2.1.1, Twisted 22.10.0, Python 3.11.2 (tags/v3.11.2:878ead1, Feb  7 2023, 16:38:35) [MSC v.1934 64 bit (AMD64)], pyOpenSSL 23.2.0 (OpenSSL 3.0.8 7 Feb 2023), cryptography 39.0.1, Platform Windows-10-10.0.22621-SP0
2023-08-25 15:28:16 [scrapy.crawler] INFO: Overridden settings:
{'BOT_NAME': 'carpartsscraper',
 'CONCURRENT_REQUESTS': 20000,
 'DOWNLOAD_DELAY': 0.01,
 'FEED_EXPORT_ENCODING': 'utf-8',
 'LOG_FILE': 'data.log',
 'NEWSPIDER_MODULE': 'carpartsscraper.spiders',
 'RANDOMIZE_DOWNLOAD_DELAY': False,
 'REQUEST_FINGERPRINTER_IMPLEMENTATION': '2.7',
 'SPIDER_MODULES': ['carpartsscraper.spiders'],
 'TWISTED_REACTOR': 'twisted.internet.asyncioreactor.AsyncioSelectorReactor'}
2023-08-25 15:28:16 [asyncio] DEBUG: Using selector: SelectSelector
2023-08-25 15:28:16 [scrapy.utils.log] DEBUG: Using reactor: twisted.internet.asyncioreactor.AsyncioSelectorReactor
2023-08-25 15:28:16 [scrapy.utils.log] DEBUG: Using asyncio event loop: asyncio.windows_events._WindowsSelectorEventLoop
2023-08-25 15:28:16 [scrapy.extensions.telnet] INFO: Telnet Password: 3df0404a3a226baf
2023-08-25 15:28:16 [scrapy.middleware] INFO: Enabled extensions:
['scrapy.extensions.corestats.CoreStats',
 'scrapy.extensions.telnet.TelnetConsole',
 'scrapy.extensions.logstats.LogStats']
2023-08-25 15:28:17 [scrapy.middleware] WARNING: Disabled SeleniumMiddleware: SELENIUM_DRIVER_NAME and SELENIUM_DRIVER_EXECUTABLE_PATH must be set
2023-08-25 15:28:17 [scrapy.middleware] INFO: Enabled downloader middlewares:
['scrapy.downloadermiddlewares.httpauth.HttpAuthMiddleware',
 'scrapy.downloadermiddlewares.downloadtimeout.DownloadTimeoutMiddleware',
 'scrapy.downloadermiddlewares.defaultheaders.DefaultHeadersMiddleware',
 'scrapy.downloadermiddlewares.useragent.UserAgentMiddleware',
 'scrapy.downloadermiddlewares.retry.RetryMiddleware',
 'scrapy.downloadermiddlewares.redirect.MetaRefreshMiddleware',
 'scrapy.downloadermiddlewares.httpcompression.HttpCompressionMiddleware',
 'scrapy.downloadermiddlewares.redirect.RedirectMiddleware',
 'scrapy.downloadermiddlewares.cookies.CookiesMiddleware',
 'scrapy.downloadermiddlewares.httpproxy.HttpProxyMiddleware',
 'scrapy.downloadermiddlewares.stats.DownloaderStats']
2023-08-25 15:28:17 [scrapy.middleware] INFO: Enabled spider middlewares:
['scrapy.spidermiddlewares.httperror.HttpErrorMiddleware',
 'scrapy.spidermiddlewares.offsite.OffsiteMiddleware',
 'scrapy.spidermiddlewares.referer.RefererMiddleware',
 'scrapy.spidermiddlewares.urllength.UrlLengthMiddleware',
 'scrapy.spidermiddlewares.depth.DepthMiddleware']
2023-08-25 15:28:17 [scrapy.middleware] INFO: Enabled item pipelines:
['carpartsscraper.pipelines.StoreDataToMySQL']
2023-08-25 15:28:17 [scrapy.core.engine] INFO: Spider opened
2023-08-25 15:28:17 [scrapy.extensions.logstats] INFO: Crawled 0 pages (at 0 pages/min), scraped 0 items (at 0 items/min)
2023-08-25 15:28:17 [scrapy.extensions.telnet] INFO: Telnet console listening on 127.0.0.1:6023
2023-08-25 15:28:18 [scrapy.core.engine] DEBUG: Crawled (200) <GET https://kosiski.autopartsearch.com> (referer: https://kosiski.autopartsearch.com)
2023-08-25 15:28:18 [scrapy.core.scraper] ERROR: Spider error processing <GET https://kosiski.autopartsearch.com> (referer: https://kosiski.autopartsearch.com)
Traceback (most recent call last):
  File "C:\Users\BAPS\AppData\Local\Programs\Python\Python311\Lib\site-packages\scrapy\utils\defer.py", line 260, in iter_errback
    yield next(it)
          ^^^^^^^^
  File "C:\Users\BAPS\AppData\Local\Programs\Python\Python311\Lib\site-packages\scrapy\utils\python.py", line 336, in __next__
    return next(self.data)
           ^^^^^^^^^^^^^^^
  File "C:\Users\BAPS\AppData\Local\Programs\Python\Python311\Lib\site-packages\scrapy\utils\python.py", line 336, in __next__
    return next(self.data)
           ^^^^^^^^^^^^^^^
  File "C:\Users\BAPS\AppData\Local\Programs\Python\Python311\Lib\site-packages\scrapy\core\spidermw.py", line 106, in process_sync
    for r in iterable:
  File "C:\Users\BAPS\AppData\Local\Programs\Python\Python311\Lib\site-packages\scrapy\spidermiddlewares\offsite.py", line 28, in <genexpr>
    return (r for r in result or () if self._filter(r, spider))
           ^^^^^^^^^^^^^^^^^^^^^^^^^^^^^^^^^^^^^^^^^^^^^^^^^^^^
  File "C:\Users\BAPS\AppData\Local\Programs\Python\Python311\Lib\site-packages\scrapy\core\spidermw.py", line 106, in process_sync
    for r in iterable:
  File "C:\Users\BAPS\AppData\Local\Programs\Python\Python311\Lib\site-packages\scrapy\spidermiddlewares\referer.py", line 352, in <genexpr>
    return (self._set_referer(r, response) for r in result or ())
           ^^^^^^^^^^^^^^^^^^^^^^^^^^^^^^^^^^^^^^^^^^^^^^^^^^^^^^
  File "C:\Users\BAPS\AppData\Local\Programs\Python\Python311\Lib\site-packages\scrapy\core\spidermw.py", line 106, in process_sync
    for r in iterable:
  File "C:\Users\BAPS\AppData\Local\Programs\Python\Python311\Lib\site-packages\scrapy\spidermiddlewares\urllength.py", line 27, in <genexpr>
    return (r for r in result or () if self._filter(r, spider))
           ^^^^^^^^^^^^^^^^^^^^^^^^^^^^^^^^^^^^^^^^^^^^^^^^^^^^
  File "C:\Users\BAPS\AppData\Local\Programs\Python\Python311\Lib\site-packages\scrapy\core\spidermw.py", line 106, in process_sync
    for r in iterable:
  File "C:\Users\BAPS\AppData\Local\Programs\Python\Python311\Lib\site-packages\scrapy\spidermiddlewares\depth.py", line 31, in <genexpr>
    return (r for r in result or () if self._filter(r, response, spider))
           ^^^^^^^^^^^^^^^^^^^^^^^^^^^^^^^^^^^^^^^^^^^^^^^^^^^^^^^^^^^^^^
  File "C:\Users\BAPS\AppData\Local\Programs\Python\Python311\Lib\site-packages\scrapy\core\spidermw.py", line 106, in process_sync
    for r in iterable:
  File "D:\carpartsscraper\carpartsscraper\spiders\CarPartsSpider.py", line 43, in parse_home_page
    driver = response.meta["driver"]
             ~~~~~~~~~~~~~^^^^^^^^^^
KeyError: 'driver'
2023-08-25 15:28:18 [scrapy.core.engine] INFO: Closing spider (finished)
2023-08-25 15:28:18 [scrapy.statscollectors] INFO: Dumping Scrapy stats:
{'downloader/request_bytes': 453,
 'downloader/request_count': 1,
 'downloader/request_method_count/GET': 1,
 'downloader/response_bytes': 8165,
 'downloader/response_count': 1,
 'downloader/response_status_count/200': 1,
 'elapsed_time_seconds': 1.536644,
 'finish_reason': 'finished',
 'finish_time': datetime.datetime(2023, 8, 25, 9, 58, 18, 709780),
 'httpcompression/response_bytes': 27444,
 'httpcompression/response_count': 1,
 'log_count/DEBUG': 4,
 'log_count/ERROR': 1,
 'log_count/INFO': 10,
 'log_count/WARNING': 1,
 'response_received_count': 1,
 'scheduler/dequeued': 1,
 'scheduler/dequeued/memory': 1,
 'scheduler/enqueued': 1,
 'scheduler/enqueued/memory': 1,
 'spider_exceptions/KeyError': 1,
 'start_time': datetime.datetime(2023, 8, 25, 9, 58, 17, 173136)}
2023-08-25 15:28:18 [scrapy.core.engine] INFO: Spider closed (finished)
2023-08-25 15:30:22 [scrapy.utils.log] INFO: Scrapy 2.9.0 started (bot: carpartsscraper)
2023-08-25 15:30:22 [scrapy.utils.log] INFO: Versions: lxml 4.9.3.0, libxml2 2.10.3, cssselect 1.2.0, parsel 1.8.1, w3lib 2.1.1, Twisted 22.10.0, Python 3.11.2 (tags/v3.11.2:878ead1, Feb  7 2023, 16:38:35) [MSC v.1934 64 bit (AMD64)], pyOpenSSL 23.2.0 (OpenSSL 3.0.8 7 Feb 2023), cryptography 39.0.1, Platform Windows-10-10.0.22621-SP0
2023-08-25 15:30:22 [scrapy.crawler] INFO: Overridden settings:
{'BOT_NAME': 'carpartsscraper',
 'CONCURRENT_REQUESTS': 20000,
 'DOWNLOAD_DELAY': 0.01,
 'FEED_EXPORT_ENCODING': 'utf-8',
 'LOG_FILE': 'data.log',
 'NEWSPIDER_MODULE': 'carpartsscraper.spiders',
 'RANDOMIZE_DOWNLOAD_DELAY': False,
 'REQUEST_FINGERPRINTER_IMPLEMENTATION': '2.7',
 'SPIDER_MODULES': ['carpartsscraper.spiders'],
 'TWISTED_REACTOR': 'twisted.internet.asyncioreactor.AsyncioSelectorReactor'}
2023-08-25 15:30:22 [asyncio] DEBUG: Using selector: SelectSelector
2023-08-25 15:30:22 [scrapy.utils.log] DEBUG: Using reactor: twisted.internet.asyncioreactor.AsyncioSelectorReactor
2023-08-25 15:30:22 [scrapy.utils.log] DEBUG: Using asyncio event loop: asyncio.windows_events._WindowsSelectorEventLoop
2023-08-25 15:30:22 [scrapy.extensions.telnet] INFO: Telnet Password: d7f2d8d45f30dc61
2023-08-25 15:30:22 [scrapy.middleware] INFO: Enabled extensions:
['scrapy.extensions.corestats.CoreStats',
 'scrapy.extensions.telnet.TelnetConsole',
 'scrapy.extensions.logstats.LogStats']
2023-08-25 15:30:22 [scrapy.middleware] WARNING: Disabled SeleniumMiddleware: SELENIUM_DRIVER_NAME and SELENIUM_DRIVER_EXECUTABLE_PATH must be set
2023-08-25 15:30:22 [scrapy.middleware] INFO: Enabled downloader middlewares:
['scrapy.downloadermiddlewares.httpauth.HttpAuthMiddleware',
 'scrapy.downloadermiddlewares.downloadtimeout.DownloadTimeoutMiddleware',
 'scrapy.downloadermiddlewares.defaultheaders.DefaultHeadersMiddleware',
 'scrapy.downloadermiddlewares.useragent.UserAgentMiddleware',
 'scrapy.downloadermiddlewares.retry.RetryMiddleware',
 'scrapy.downloadermiddlewares.redirect.MetaRefreshMiddleware',
 'scrapy.downloadermiddlewares.httpcompression.HttpCompressionMiddleware',
 'scrapy.downloadermiddlewares.redirect.RedirectMiddleware',
 'scrapy.downloadermiddlewares.cookies.CookiesMiddleware',
 'scrapy.downloadermiddlewares.httpproxy.HttpProxyMiddleware',
 'scrapy.downloadermiddlewares.stats.DownloaderStats']
2023-08-25 15:30:22 [scrapy.middleware] INFO: Enabled spider middlewares:
['scrapy.spidermiddlewares.httperror.HttpErrorMiddleware',
 'scrapy.spidermiddlewares.offsite.OffsiteMiddleware',
 'scrapy.spidermiddlewares.referer.RefererMiddleware',
 'scrapy.spidermiddlewares.urllength.UrlLengthMiddleware',
 'scrapy.spidermiddlewares.depth.DepthMiddleware']
2023-08-25 15:30:23 [scrapy.middleware] INFO: Enabled item pipelines:
['carpartsscraper.pipelines.StoreDataToMySQL']
2023-08-25 15:30:23 [scrapy.core.engine] INFO: Spider opened
2023-08-25 15:30:23 [scrapy.extensions.logstats] INFO: Crawled 0 pages (at 0 pages/min), scraped 0 items (at 0 items/min)
2023-08-25 15:30:23 [scrapy.extensions.telnet] INFO: Telnet console listening on 127.0.0.1:6023
2023-08-25 15:30:24 [scrapy.core.engine] DEBUG: Crawled (200) <GET https://kosiski.autopartsearch.com> (referer: https://kosiski.autopartsearch.com)
2023-08-25 15:30:24 [scrapy.core.scraper] ERROR: Spider error processing <GET https://kosiski.autopartsearch.com> (referer: https://kosiski.autopartsearch.com)
Traceback (most recent call last):
  File "C:\Users\BAPS\AppData\Local\Programs\Python\Python311\Lib\site-packages\scrapy\utils\defer.py", line 260, in iter_errback
    yield next(it)
          ^^^^^^^^
  File "C:\Users\BAPS\AppData\Local\Programs\Python\Python311\Lib\site-packages\scrapy\utils\python.py", line 336, in __next__
    return next(self.data)
           ^^^^^^^^^^^^^^^
  File "C:\Users\BAPS\AppData\Local\Programs\Python\Python311\Lib\site-packages\scrapy\utils\python.py", line 336, in __next__
    return next(self.data)
           ^^^^^^^^^^^^^^^
  File "C:\Users\BAPS\AppData\Local\Programs\Python\Python311\Lib\site-packages\scrapy\core\spidermw.py", line 106, in process_sync
    for r in iterable:
  File "C:\Users\BAPS\AppData\Local\Programs\Python\Python311\Lib\site-packages\scrapy\spidermiddlewares\offsite.py", line 28, in <genexpr>
    return (r for r in result or () if self._filter(r, spider))
           ^^^^^^^^^^^^^^^^^^^^^^^^^^^^^^^^^^^^^^^^^^^^^^^^^^^^
  File "C:\Users\BAPS\AppData\Local\Programs\Python\Python311\Lib\site-packages\scrapy\core\spidermw.py", line 106, in process_sync
    for r in iterable:
  File "C:\Users\BAPS\AppData\Local\Programs\Python\Python311\Lib\site-packages\scrapy\spidermiddlewares\referer.py", line 352, in <genexpr>
    return (self._set_referer(r, response) for r in result or ())
           ^^^^^^^^^^^^^^^^^^^^^^^^^^^^^^^^^^^^^^^^^^^^^^^^^^^^^^
  File "C:\Users\BAPS\AppData\Local\Programs\Python\Python311\Lib\site-packages\scrapy\core\spidermw.py", line 106, in process_sync
    for r in iterable:
  File "C:\Users\BAPS\AppData\Local\Programs\Python\Python311\Lib\site-packages\scrapy\spidermiddlewares\urllength.py", line 27, in <genexpr>
    return (r for r in result or () if self._filter(r, spider))
           ^^^^^^^^^^^^^^^^^^^^^^^^^^^^^^^^^^^^^^^^^^^^^^^^^^^^
  File "C:\Users\BAPS\AppData\Local\Programs\Python\Python311\Lib\site-packages\scrapy\core\spidermw.py", line 106, in process_sync
    for r in iterable:
  File "C:\Users\BAPS\AppData\Local\Programs\Python\Python311\Lib\site-packages\scrapy\spidermiddlewares\depth.py", line 31, in <genexpr>
    return (r for r in result or () if self._filter(r, response, spider))
           ^^^^^^^^^^^^^^^^^^^^^^^^^^^^^^^^^^^^^^^^^^^^^^^^^^^^^^^^^^^^^^
  File "C:\Users\BAPS\AppData\Local\Programs\Python\Python311\Lib\site-packages\scrapy\core\spidermw.py", line 106, in process_sync
    for r in iterable:
  File "D:\carpartsscraper\carpartsscraper\spiders\CarPartsSpider.py", line 43, in parse_home_page
    driver = response.meta["driver"]
             ~~~~~~~~~~~~~^^^^^^^^^^
KeyError: 'driver'
2023-08-25 15:30:24 [scrapy.core.engine] INFO: Closing spider (finished)
2023-08-25 15:30:24 [scrapy.statscollectors] INFO: Dumping Scrapy stats:
{'downloader/request_bytes': 453,
 'downloader/request_count': 1,
 'downloader/request_method_count/GET': 1,
 'downloader/response_bytes': 8165,
 'downloader/response_count': 1,
 'downloader/response_status_count/200': 1,
 'elapsed_time_seconds': 1.723436,
 'finish_reason': 'finished',
 'finish_time': datetime.datetime(2023, 8, 25, 10, 0, 24, 820656),
 'httpcompression/response_bytes': 27444,
 'httpcompression/response_count': 1,
 'log_count/DEBUG': 4,
 'log_count/ERROR': 1,
 'log_count/INFO': 10,
 'log_count/WARNING': 1,
 'response_received_count': 1,
 'scheduler/dequeued': 1,
 'scheduler/dequeued/memory': 1,
 'scheduler/enqueued': 1,
 'scheduler/enqueued/memory': 1,
 'spider_exceptions/KeyError': 1,
 'start_time': datetime.datetime(2023, 8, 25, 10, 0, 23, 97220)}
2023-08-25 15:30:24 [scrapy.core.engine] INFO: Spider closed (finished)
2023-08-25 15:30:33 [scrapy.utils.log] INFO: Scrapy 2.9.0 started (bot: carpartsscraper)
2023-08-25 15:30:33 [scrapy.utils.log] INFO: Versions: lxml 4.9.3.0, libxml2 2.10.3, cssselect 1.2.0, parsel 1.8.1, w3lib 2.1.1, Twisted 22.10.0, Python 3.11.2 (tags/v3.11.2:878ead1, Feb  7 2023, 16:38:35) [MSC v.1934 64 bit (AMD64)], pyOpenSSL 23.2.0 (OpenSSL 3.0.8 7 Feb 2023), cryptography 39.0.1, Platform Windows-10-10.0.22621-SP0
2023-08-25 15:30:33 [scrapy.crawler] INFO: Overridden settings:
{'BOT_NAME': 'carpartsscraper',
 'CONCURRENT_REQUESTS': 20000,
 'DOWNLOAD_DELAY': 0.01,
 'FEED_EXPORT_ENCODING': 'utf-8',
 'LOG_FILE': 'data.log',
 'NEWSPIDER_MODULE': 'carpartsscraper.spiders',
 'RANDOMIZE_DOWNLOAD_DELAY': False,
 'REQUEST_FINGERPRINTER_IMPLEMENTATION': '2.7',
 'SPIDER_MODULES': ['carpartsscraper.spiders'],
 'TWISTED_REACTOR': 'twisted.internet.asyncioreactor.AsyncioSelectorReactor'}
2023-08-25 15:30:33 [asyncio] DEBUG: Using selector: SelectSelector
2023-08-25 15:30:33 [scrapy.utils.log] DEBUG: Using reactor: twisted.internet.asyncioreactor.AsyncioSelectorReactor
2023-08-25 15:30:33 [scrapy.utils.log] DEBUG: Using asyncio event loop: asyncio.windows_events._WindowsSelectorEventLoop
2023-08-25 15:30:33 [scrapy.extensions.telnet] INFO: Telnet Password: 9d43cf239ccb4d3d
2023-08-25 15:30:33 [scrapy.middleware] INFO: Enabled extensions:
['scrapy.extensions.corestats.CoreStats',
 'scrapy.extensions.telnet.TelnetConsole',
 'scrapy.extensions.logstats.LogStats']
2023-08-25 15:30:33 [scrapy.middleware] WARNING: Disabled SeleniumMiddleware: SELENIUM_DRIVER_NAME and SELENIUM_DRIVER_EXECUTABLE_PATH must be set
2023-08-25 15:30:33 [scrapy.middleware] INFO: Enabled downloader middlewares:
['scrapy.downloadermiddlewares.httpauth.HttpAuthMiddleware',
 'scrapy.downloadermiddlewares.downloadtimeout.DownloadTimeoutMiddleware',
 'scrapy.downloadermiddlewares.defaultheaders.DefaultHeadersMiddleware',
 'scrapy.downloadermiddlewares.useragent.UserAgentMiddleware',
 'scrapy.downloadermiddlewares.retry.RetryMiddleware',
 'scrapy.downloadermiddlewares.redirect.MetaRefreshMiddleware',
 'scrapy.downloadermiddlewares.httpcompression.HttpCompressionMiddleware',
 'scrapy.downloadermiddlewares.redirect.RedirectMiddleware',
 'scrapy.downloadermiddlewares.cookies.CookiesMiddleware',
 'scrapy.downloadermiddlewares.httpproxy.HttpProxyMiddleware',
 'scrapy.downloadermiddlewares.stats.DownloaderStats']
2023-08-25 15:30:33 [scrapy.middleware] INFO: Enabled spider middlewares:
['scrapy.spidermiddlewares.httperror.HttpErrorMiddleware',
 'scrapy.spidermiddlewares.offsite.OffsiteMiddleware',
 'scrapy.spidermiddlewares.referer.RefererMiddleware',
 'scrapy.spidermiddlewares.urllength.UrlLengthMiddleware',
 'scrapy.spidermiddlewares.depth.DepthMiddleware']
2023-08-25 15:30:33 [scrapy.middleware] INFO: Enabled item pipelines:
['carpartsscraper.pipelines.StoreDataToMySQL']
2023-08-25 15:30:33 [scrapy.core.engine] INFO: Spider opened
2023-08-25 15:30:33 [scrapy.extensions.logstats] INFO: Crawled 0 pages (at 0 pages/min), scraped 0 items (at 0 items/min)
2023-08-25 15:30:33 [scrapy.extensions.telnet] INFO: Telnet console listening on 127.0.0.1:6023
2023-08-25 15:30:35 [scrapy.core.engine] DEBUG: Crawled (200) <GET https://kosiski.autopartsearch.com> (referer: https://kosiski.autopartsearch.com)
2023-08-25 15:30:35 [scrapy.core.scraper] ERROR: Spider error processing <GET https://kosiski.autopartsearch.com> (referer: https://kosiski.autopartsearch.com)
Traceback (most recent call last):
  File "C:\Users\BAPS\AppData\Local\Programs\Python\Python311\Lib\site-packages\scrapy\utils\defer.py", line 260, in iter_errback
    yield next(it)
          ^^^^^^^^
  File "C:\Users\BAPS\AppData\Local\Programs\Python\Python311\Lib\site-packages\scrapy\utils\python.py", line 336, in __next__
    return next(self.data)
           ^^^^^^^^^^^^^^^
  File "C:\Users\BAPS\AppData\Local\Programs\Python\Python311\Lib\site-packages\scrapy\utils\python.py", line 336, in __next__
    return next(self.data)
           ^^^^^^^^^^^^^^^
  File "C:\Users\BAPS\AppData\Local\Programs\Python\Python311\Lib\site-packages\scrapy\core\spidermw.py", line 106, in process_sync
    for r in iterable:
  File "C:\Users\BAPS\AppData\Local\Programs\Python\Python311\Lib\site-packages\scrapy\spidermiddlewares\offsite.py", line 28, in <genexpr>
    return (r for r in result or () if self._filter(r, spider))
           ^^^^^^^^^^^^^^^^^^^^^^^^^^^^^^^^^^^^^^^^^^^^^^^^^^^^
  File "C:\Users\BAPS\AppData\Local\Programs\Python\Python311\Lib\site-packages\scrapy\core\spidermw.py", line 106, in process_sync
    for r in iterable:
  File "C:\Users\BAPS\AppData\Local\Programs\Python\Python311\Lib\site-packages\scrapy\spidermiddlewares\referer.py", line 352, in <genexpr>
    return (self._set_referer(r, response) for r in result or ())
           ^^^^^^^^^^^^^^^^^^^^^^^^^^^^^^^^^^^^^^^^^^^^^^^^^^^^^^
  File "C:\Users\BAPS\AppData\Local\Programs\Python\Python311\Lib\site-packages\scrapy\core\spidermw.py", line 106, in process_sync
    for r in iterable:
  File "C:\Users\BAPS\AppData\Local\Programs\Python\Python311\Lib\site-packages\scrapy\spidermiddlewares\urllength.py", line 27, in <genexpr>
    return (r for r in result or () if self._filter(r, spider))
           ^^^^^^^^^^^^^^^^^^^^^^^^^^^^^^^^^^^^^^^^^^^^^^^^^^^^
  File "C:\Users\BAPS\AppData\Local\Programs\Python\Python311\Lib\site-packages\scrapy\core\spidermw.py", line 106, in process_sync
    for r in iterable:
  File "C:\Users\BAPS\AppData\Local\Programs\Python\Python311\Lib\site-packages\scrapy\spidermiddlewares\depth.py", line 31, in <genexpr>
    return (r for r in result or () if self._filter(r, response, spider))
           ^^^^^^^^^^^^^^^^^^^^^^^^^^^^^^^^^^^^^^^^^^^^^^^^^^^^^^^^^^^^^^
  File "C:\Users\BAPS\AppData\Local\Programs\Python\Python311\Lib\site-packages\scrapy\core\spidermw.py", line 106, in process_sync
    for r in iterable:
  File "D:\carpartsscraper\carpartsscraper\spiders\CarPartsSpider.py", line 43, in parse_home_page
    driver = response.meta["driver"]
             ~~~~~~~~~~~~~^^^^^^^^^^
KeyError: 'driver'
2023-08-25 15:30:35 [scrapy.core.engine] INFO: Closing spider (finished)
2023-08-25 15:30:35 [scrapy.statscollectors] INFO: Dumping Scrapy stats:
{'downloader/request_bytes': 453,
 'downloader/request_count': 1,
 'downloader/request_method_count/GET': 1,
 'downloader/response_bytes': 8165,
 'downloader/response_count': 1,
 'downloader/response_status_count/200': 1,
 'elapsed_time_seconds': 1.715267,
 'finish_reason': 'finished',
 'finish_time': datetime.datetime(2023, 8, 25, 10, 0, 35, 537945),
 'httpcompression/response_bytes': 27444,
 'httpcompression/response_count': 1,
 'log_count/DEBUG': 4,
 'log_count/ERROR': 1,
 'log_count/INFO': 10,
 'log_count/WARNING': 1,
 'response_received_count': 1,
 'scheduler/dequeued': 1,
 'scheduler/dequeued/memory': 1,
 'scheduler/enqueued': 1,
 'scheduler/enqueued/memory': 1,
 'spider_exceptions/KeyError': 1,
 'start_time': datetime.datetime(2023, 8, 25, 10, 0, 33, 822678)}
2023-08-25 15:30:35 [scrapy.core.engine] INFO: Spider closed (finished)
2023-08-25 15:32:48 [scrapy.utils.log] INFO: Scrapy 2.9.0 started (bot: carpartsscraper)
2023-08-25 15:32:48 [scrapy.utils.log] INFO: Versions: lxml 4.9.3.0, libxml2 2.10.3, cssselect 1.2.0, parsel 1.8.1, w3lib 2.1.1, Twisted 22.10.0, Python 3.11.2 (tags/v3.11.2:878ead1, Feb  7 2023, 16:38:35) [MSC v.1934 64 bit (AMD64)], pyOpenSSL 23.2.0 (OpenSSL 3.0.8 7 Feb 2023), cryptography 39.0.1, Platform Windows-10-10.0.22621-SP0
2023-08-25 15:32:48 [scrapy.crawler] INFO: Overridden settings:
{'BOT_NAME': 'carpartsscraper',
 'CONCURRENT_REQUESTS': 20000,
 'DOWNLOAD_DELAY': 0.01,
 'FEED_EXPORT_ENCODING': 'utf-8',
 'LOG_FILE': 'data.log',
 'LOG_LEVEL': 'INFO',
 'NEWSPIDER_MODULE': 'carpartsscraper.spiders',
 'RANDOMIZE_DOWNLOAD_DELAY': False,
 'REQUEST_FINGERPRINTER_IMPLEMENTATION': '2.7',
 'SPIDER_MODULES': ['carpartsscraper.spiders'],
 'TWISTED_REACTOR': 'twisted.internet.asyncioreactor.AsyncioSelectorReactor'}
2023-08-25 15:32:48 [scrapy.extensions.telnet] INFO: Telnet Password: 973472d2cb3c83fa
2023-08-25 15:32:48 [scrapy.middleware] INFO: Enabled extensions:
['scrapy.extensions.corestats.CoreStats',
 'scrapy.extensions.telnet.TelnetConsole',
 'scrapy.extensions.logstats.LogStats']
2023-08-25 15:32:49 [scrapy.middleware] WARNING: Disabled SeleniumMiddleware: SELENIUM_DRIVER_NAME and SELENIUM_DRIVER_EXECUTABLE_PATH must be set
2023-08-25 15:32:49 [scrapy.middleware] INFO: Enabled downloader middlewares:
['scrapy.downloadermiddlewares.httpauth.HttpAuthMiddleware',
 'scrapy.downloadermiddlewares.downloadtimeout.DownloadTimeoutMiddleware',
 'scrapy.downloadermiddlewares.defaultheaders.DefaultHeadersMiddleware',
 'scrapy.downloadermiddlewares.useragent.UserAgentMiddleware',
 'scrapy.downloadermiddlewares.retry.RetryMiddleware',
 'scrapy.downloadermiddlewares.redirect.MetaRefreshMiddleware',
 'scrapy.downloadermiddlewares.httpcompression.HttpCompressionMiddleware',
 'scrapy.downloadermiddlewares.redirect.RedirectMiddleware',
 'scrapy.downloadermiddlewares.cookies.CookiesMiddleware',
 'scrapy.downloadermiddlewares.httpproxy.HttpProxyMiddleware',
 'scrapy.downloadermiddlewares.stats.DownloaderStats']
2023-08-25 15:32:49 [scrapy.middleware] INFO: Enabled spider middlewares:
['scrapy.spidermiddlewares.httperror.HttpErrorMiddleware',
 'scrapy.spidermiddlewares.offsite.OffsiteMiddleware',
 'scrapy.spidermiddlewares.referer.RefererMiddleware',
 'scrapy.spidermiddlewares.urllength.UrlLengthMiddleware',
 'scrapy.spidermiddlewares.depth.DepthMiddleware']
2023-08-25 15:32:49 [scrapy.middleware] INFO: Enabled item pipelines:
['carpartsscraper.pipelines.StoreDataToMySQL']
2023-08-25 15:32:49 [scrapy.core.engine] INFO: Spider opened
2023-08-25 15:32:49 [scrapy.extensions.logstats] INFO: Crawled 0 pages (at 0 pages/min), scraped 0 items (at 0 items/min)
2023-08-25 15:32:49 [scrapy.extensions.telnet] INFO: Telnet console listening on 127.0.0.1:6023
2023-08-25 15:32:50 [scrapy.core.scraper] ERROR: Spider error processing <GET https://kosiski.autopartsearch.com> (referer: https://kosiski.autopartsearch.com)
Traceback (most recent call last):
  File "C:\Users\BAPS\AppData\Local\Programs\Python\Python311\Lib\site-packages\scrapy\utils\defer.py", line 260, in iter_errback
    yield next(it)
          ^^^^^^^^
  File "C:\Users\BAPS\AppData\Local\Programs\Python\Python311\Lib\site-packages\scrapy\utils\python.py", line 336, in __next__
    return next(self.data)
           ^^^^^^^^^^^^^^^
  File "C:\Users\BAPS\AppData\Local\Programs\Python\Python311\Lib\site-packages\scrapy\utils\python.py", line 336, in __next__
    return next(self.data)
           ^^^^^^^^^^^^^^^
  File "C:\Users\BAPS\AppData\Local\Programs\Python\Python311\Lib\site-packages\scrapy\core\spidermw.py", line 106, in process_sync
    for r in iterable:
  File "C:\Users\BAPS\AppData\Local\Programs\Python\Python311\Lib\site-packages\scrapy\spidermiddlewares\offsite.py", line 28, in <genexpr>
    return (r for r in result or () if self._filter(r, spider))
           ^^^^^^^^^^^^^^^^^^^^^^^^^^^^^^^^^^^^^^^^^^^^^^^^^^^^
  File "C:\Users\BAPS\AppData\Local\Programs\Python\Python311\Lib\site-packages\scrapy\core\spidermw.py", line 106, in process_sync
    for r in iterable:
  File "C:\Users\BAPS\AppData\Local\Programs\Python\Python311\Lib\site-packages\scrapy\spidermiddlewares\referer.py", line 352, in <genexpr>
    return (self._set_referer(r, response) for r in result or ())
           ^^^^^^^^^^^^^^^^^^^^^^^^^^^^^^^^^^^^^^^^^^^^^^^^^^^^^^
  File "C:\Users\BAPS\AppData\Local\Programs\Python\Python311\Lib\site-packages\scrapy\core\spidermw.py", line 106, in process_sync
    for r in iterable:
  File "C:\Users\BAPS\AppData\Local\Programs\Python\Python311\Lib\site-packages\scrapy\spidermiddlewares\urllength.py", line 27, in <genexpr>
    return (r for r in result or () if self._filter(r, spider))
           ^^^^^^^^^^^^^^^^^^^^^^^^^^^^^^^^^^^^^^^^^^^^^^^^^^^^
  File "C:\Users\BAPS\AppData\Local\Programs\Python\Python311\Lib\site-packages\scrapy\core\spidermw.py", line 106, in process_sync
    for r in iterable:
  File "C:\Users\BAPS\AppData\Local\Programs\Python\Python311\Lib\site-packages\scrapy\spidermiddlewares\depth.py", line 31, in <genexpr>
    return (r for r in result or () if self._filter(r, response, spider))
           ^^^^^^^^^^^^^^^^^^^^^^^^^^^^^^^^^^^^^^^^^^^^^^^^^^^^^^^^^^^^^^
  File "C:\Users\BAPS\AppData\Local\Programs\Python\Python311\Lib\site-packages\scrapy\core\spidermw.py", line 106, in process_sync
    for r in iterable:
  File "D:\carpartsscraper\carpartsscraper\spiders\CarPartsSpider.py", line 43, in parse_home_page
    driver = response.meta["driver"]
             ~~~~~~~~~~~~~^^^^^^^^^^
KeyError: 'driver'
2023-08-25 15:32:50 [scrapy.core.engine] INFO: Closing spider (finished)
2023-08-25 15:32:50 [scrapy.statscollectors] INFO: Dumping Scrapy stats:
{'downloader/request_bytes': 453,
 'downloader/request_count': 1,
 'downloader/request_method_count/GET': 1,
 'downloader/response_bytes': 8164,
 'downloader/response_count': 1,
 'downloader/response_status_count/200': 1,
 'elapsed_time_seconds': 1.557105,
 'finish_reason': 'finished',
 'finish_time': datetime.datetime(2023, 8, 25, 10, 2, 50, 672940),
 'httpcompression/response_bytes': 27444,
 'httpcompression/response_count': 1,
 'log_count/ERROR': 1,
 'log_count/INFO': 10,
 'log_count/WARNING': 1,
 'response_received_count': 1,
 'scheduler/dequeued': 1,
 'scheduler/dequeued/memory': 1,
 'scheduler/enqueued': 1,
 'scheduler/enqueued/memory': 1,
 'spider_exceptions/KeyError': 1,
 'start_time': datetime.datetime(2023, 8, 25, 10, 2, 49, 115835)}
2023-08-25 15:32:50 [scrapy.core.engine] INFO: Spider closed (finished)
2023-08-25 15:32:59 [scrapy.utils.log] INFO: Scrapy 2.9.0 started (bot: carpartsscraper)
2023-08-25 15:32:59 [scrapy.utils.log] INFO: Versions: lxml 4.9.3.0, libxml2 2.10.3, cssselect 1.2.0, parsel 1.8.1, w3lib 2.1.1, Twisted 22.10.0, Python 3.11.2 (tags/v3.11.2:878ead1, Feb  7 2023, 16:38:35) [MSC v.1934 64 bit (AMD64)], pyOpenSSL 23.2.0 (OpenSSL 3.0.8 7 Feb 2023), cryptography 39.0.1, Platform Windows-10-10.0.22621-SP0
2023-08-25 15:33:00 [scrapy.crawler] INFO: Overridden settings:
{'BOT_NAME': 'carpartsscraper',
 'CONCURRENT_REQUESTS': 20000,
 'DOWNLOAD_DELAY': 0.01,
 'FEED_EXPORT_ENCODING': 'utf-8',
 'LOG_FILE': 'data.log',
 'NEWSPIDER_MODULE': 'carpartsscraper.spiders',
 'RANDOMIZE_DOWNLOAD_DELAY': False,
 'REQUEST_FINGERPRINTER_IMPLEMENTATION': '2.7',
 'SPIDER_MODULES': ['carpartsscraper.spiders'],
 'TWISTED_REACTOR': 'twisted.internet.asyncioreactor.AsyncioSelectorReactor'}
2023-08-25 15:33:00 [asyncio] DEBUG: Using selector: SelectSelector
2023-08-25 15:33:00 [scrapy.utils.log] DEBUG: Using reactor: twisted.internet.asyncioreactor.AsyncioSelectorReactor
2023-08-25 15:33:00 [scrapy.utils.log] DEBUG: Using asyncio event loop: asyncio.windows_events._WindowsSelectorEventLoop
2023-08-25 15:33:00 [scrapy.extensions.telnet] INFO: Telnet Password: c558477ed053b33d
2023-08-25 15:33:00 [scrapy.middleware] INFO: Enabled extensions:
['scrapy.extensions.corestats.CoreStats',
 'scrapy.extensions.telnet.TelnetConsole',
 'scrapy.extensions.logstats.LogStats']
2023-08-25 15:33:00 [scrapy.middleware] WARNING: Disabled SeleniumMiddleware: SELENIUM_DRIVER_NAME and SELENIUM_DRIVER_EXECUTABLE_PATH must be set
2023-08-25 15:33:00 [scrapy.middleware] INFO: Enabled downloader middlewares:
['scrapy.downloadermiddlewares.httpauth.HttpAuthMiddleware',
 'scrapy.downloadermiddlewares.downloadtimeout.DownloadTimeoutMiddleware',
 'scrapy.downloadermiddlewares.defaultheaders.DefaultHeadersMiddleware',
 'scrapy.downloadermiddlewares.useragent.UserAgentMiddleware',
 'scrapy.downloadermiddlewares.retry.RetryMiddleware',
 'scrapy.downloadermiddlewares.redirect.MetaRefreshMiddleware',
 'scrapy.downloadermiddlewares.httpcompression.HttpCompressionMiddleware',
 'scrapy.downloadermiddlewares.redirect.RedirectMiddleware',
 'scrapy.downloadermiddlewares.cookies.CookiesMiddleware',
 'scrapy.downloadermiddlewares.httpproxy.HttpProxyMiddleware',
 'scrapy.downloadermiddlewares.stats.DownloaderStats']
2023-08-25 15:33:00 [scrapy.middleware] INFO: Enabled spider middlewares:
['scrapy.spidermiddlewares.httperror.HttpErrorMiddleware',
 'scrapy.spidermiddlewares.offsite.OffsiteMiddleware',
 'scrapy.spidermiddlewares.referer.RefererMiddleware',
 'scrapy.spidermiddlewares.urllength.UrlLengthMiddleware',
 'scrapy.spidermiddlewares.depth.DepthMiddleware']
2023-08-25 15:33:00 [scrapy.middleware] INFO: Enabled item pipelines:
['carpartsscraper.pipelines.StoreDataToMySQL']
2023-08-25 15:33:00 [scrapy.core.engine] INFO: Spider opened
2023-08-25 15:33:00 [scrapy.extensions.logstats] INFO: Crawled 0 pages (at 0 pages/min), scraped 0 items (at 0 items/min)
2023-08-25 15:33:00 [scrapy.extensions.telnet] INFO: Telnet console listening on 127.0.0.1:6023
2023-08-25 15:33:01 [scrapy.core.engine] DEBUG: Crawled (200) <GET https://kosiski.autopartsearch.com> (referer: https://kosiski.autopartsearch.com)
2023-08-25 15:33:01 [scrapy.core.scraper] ERROR: Spider error processing <GET https://kosiski.autopartsearch.com> (referer: https://kosiski.autopartsearch.com)
Traceback (most recent call last):
  File "C:\Users\BAPS\AppData\Local\Programs\Python\Python311\Lib\site-packages\scrapy\utils\defer.py", line 260, in iter_errback
    yield next(it)
          ^^^^^^^^
  File "C:\Users\BAPS\AppData\Local\Programs\Python\Python311\Lib\site-packages\scrapy\utils\python.py", line 336, in __next__
    return next(self.data)
           ^^^^^^^^^^^^^^^
  File "C:\Users\BAPS\AppData\Local\Programs\Python\Python311\Lib\site-packages\scrapy\utils\python.py", line 336, in __next__
    return next(self.data)
           ^^^^^^^^^^^^^^^
  File "C:\Users\BAPS\AppData\Local\Programs\Python\Python311\Lib\site-packages\scrapy\core\spidermw.py", line 106, in process_sync
    for r in iterable:
  File "C:\Users\BAPS\AppData\Local\Programs\Python\Python311\Lib\site-packages\scrapy\spidermiddlewares\offsite.py", line 28, in <genexpr>
    return (r for r in result or () if self._filter(r, spider))
           ^^^^^^^^^^^^^^^^^^^^^^^^^^^^^^^^^^^^^^^^^^^^^^^^^^^^
  File "C:\Users\BAPS\AppData\Local\Programs\Python\Python311\Lib\site-packages\scrapy\core\spidermw.py", line 106, in process_sync
    for r in iterable:
  File "C:\Users\BAPS\AppData\Local\Programs\Python\Python311\Lib\site-packages\scrapy\spidermiddlewares\referer.py", line 352, in <genexpr>
    return (self._set_referer(r, response) for r in result or ())
           ^^^^^^^^^^^^^^^^^^^^^^^^^^^^^^^^^^^^^^^^^^^^^^^^^^^^^^
  File "C:\Users\BAPS\AppData\Local\Programs\Python\Python311\Lib\site-packages\scrapy\core\spidermw.py", line 106, in process_sync
    for r in iterable:
  File "C:\Users\BAPS\AppData\Local\Programs\Python\Python311\Lib\site-packages\scrapy\spidermiddlewares\urllength.py", line 27, in <genexpr>
    return (r for r in result or () if self._filter(r, spider))
           ^^^^^^^^^^^^^^^^^^^^^^^^^^^^^^^^^^^^^^^^^^^^^^^^^^^^
  File "C:\Users\BAPS\AppData\Local\Programs\Python\Python311\Lib\site-packages\scrapy\core\spidermw.py", line 106, in process_sync
    for r in iterable:
  File "C:\Users\BAPS\AppData\Local\Programs\Python\Python311\Lib\site-packages\scrapy\spidermiddlewares\depth.py", line 31, in <genexpr>
    return (r for r in result or () if self._filter(r, response, spider))
           ^^^^^^^^^^^^^^^^^^^^^^^^^^^^^^^^^^^^^^^^^^^^^^^^^^^^^^^^^^^^^^
  File "C:\Users\BAPS\AppData\Local\Programs\Python\Python311\Lib\site-packages\scrapy\core\spidermw.py", line 106, in process_sync
    for r in iterable:
  File "D:\carpartsscraper\carpartsscraper\spiders\CarPartsSpider.py", line 43, in parse_home_page
    driver = response.meta["driver"]
             ~~~~~~~~~~~~~^^^^^^^^^^
KeyError: 'driver'
2023-08-25 15:33:01 [scrapy.core.engine] INFO: Closing spider (finished)
2023-08-25 15:33:01 [scrapy.statscollectors] INFO: Dumping Scrapy stats:
{'downloader/request_bytes': 453,
 'downloader/request_count': 1,
 'downloader/request_method_count/GET': 1,
 'downloader/response_bytes': 8164,
 'downloader/response_count': 1,
 'downloader/response_status_count/200': 1,
 'elapsed_time_seconds': 1.498065,
 'finish_reason': 'finished',
 'finish_time': datetime.datetime(2023, 8, 25, 10, 3, 1, 931377),
 'httpcompression/response_bytes': 27444,
 'httpcompression/response_count': 1,
 'log_count/DEBUG': 4,
 'log_count/ERROR': 1,
 'log_count/INFO': 10,
 'log_count/WARNING': 1,
 'response_received_count': 1,
 'scheduler/dequeued': 1,
 'scheduler/dequeued/memory': 1,
 'scheduler/enqueued': 1,
 'scheduler/enqueued/memory': 1,
 'spider_exceptions/KeyError': 1,
 'start_time': datetime.datetime(2023, 8, 25, 10, 3, 0, 433312)}
2023-08-25 15:33:01 [scrapy.core.engine] INFO: Spider closed (finished)
